[2026-03-30 21:22:17] File Deleted FROM USB: E:\McAfee Vaults\desktop.ini
[2026-03-30 21:22:26] File Deleted FROM USB: E:\1 - Copy.png
[2026-03-30 21:22:26] File Deleted FROM USB: E:\03 List and Tuples and Sets - Copy.ipynb
[2026-03-30 21:22:26] File Deleted FROM USB: E:\3 - Copy.csv
[2026-03-30 21:22:26] File Deleted FROM USB: E:\3 - Copy.pdf
[2026-03-30 21:22:26] File Deleted FROM USB: E:\5_6334774301413081453 - Copy.pdf
[2026-03-30 21:22:26] File Deleted FROM USB: E:\7 - Copy.csv
[2026-03-30 21:22:26] File Deleted FROM USB: E:\26fc471658be6bdde7fb686b2fcccb22_online-book-store-project-in-php-master - Copy.zip
[2026-03-30 21:22:26] File Deleted FROM USB: E:\6098-151-1-SM - Copy.pdf
[2026-03-30 21:22:26] File Deleted FROM USB: E:\aaTatyf - Copy.jpg
[2026-03-30 21:22:26] File Deleted FROM USB: E:\Adhar - Copy.jpeg
[2026-03-30 21:22:26] File Deleted FROM USB: E:\Adhar (1) - Copy.jpeg
[2026-03-30 21:22:26] File Deleted FROM USB: E:\Adobe-XD-Report - Copy.pdf
[2026-03-30 21:22:26] File Deleted FROM USB: E:\Adobe-XD-Report-converted - Copy.docx
[2026-03-30 21:22:26] File Deleted FROM USB: E:\AETShellExt - Copy.dll
[2026-03-30 21:22:26] File Deleted FROM USB: E:\alisha_internship_report - Copy.pdf
[2026-03-30 21:22:26] File Deleted FROM USB: E:\alisha_internship_report-converted - Copy.docx
[2026-03-30 21:22:26] File Deleted FROM USB: E:\Anaconda3-2020.07-Windows-x86_64 - Copy.exe
[2026-03-30 21:22:26] File Deleted FROM USB: E:\android-studio-ide-201.7042882-windows - Copy.exe
[2026-03-30 21:22:26] File Deleted FROM USB: E:\AnyDesk - Copy.exe
[2026-03-30 21:22:26] File Deleted FROM USB: E:\Book_store(webproj).zip
[2026-03-30 21:22:26] File Deleted FROM USB: E:\Cartopy-0.18.0-cp39-cp39-win_amd64 - Copy.whl
[2026-03-30 21:22:26] File Deleted FROM USB: E:\Changelog - Copy.txt
[2026-03-30 21:22:26] File Deleted FROM USB: E:\chromeinstall-8u171 - Copy.exe
[2026-03-30 21:22:26] File Deleted FROM USB: E:\chromeinstall-8u171 (1) - Copy.exe
[2026-03-30 21:22:26] File Deleted FROM USB: E:\chromeinstall-8u171 (2) - Copy.exe
[2026-03-30 21:22:26] File Deleted FROM USB: E:\chromeinstall-8u171 (3) - Copy.exe
[2026-03-30 21:22:26] File Deleted FROM USB: E:\ChromeSetup - Copy.exe
[2026-03-30 21:22:26] File Deleted FROM USB: E:\ChromeSetup (1) - Copy.exe
[2026-03-30 21:22:26] File Deleted FROM USB: E:\ChromeSetup (2) - Copy.exe
[2026-03-30 21:22:26] File Deleted FROM USB: E:\Classification and i - Copy.docx
[2026-03-30 21:22:26] File Deleted FROM USB: E:\Classification and identification of plants into herbal and toxic based on Leaf images corrected srs - Copy.docx
[2026-03-30 21:22:26] File Deleted FROM USB: E:\Classification and identification of plants into herbal and toxic based on Leaf images corrected srs - Copy.pdf
[2026-03-30 21:22:26] File Deleted FROM USB: E:\Classification and identification of plants into herbal and toxic based on Leaf images corrected srs (1) - Copy.docx
[2026-03-30 21:22:26] File Deleted FROM USB: E:\Classification of plants into herbal and toxic based on leaf image synopsis - Copy.docx
[2026-03-30 21:22:26] File Deleted FROM USB: E:\cmake-3.17.0-win64-x64 - Copy.msi
[2026-03-30 21:22:26] File Deleted FROM USB: E:\CNN Approaches for Classification of Indian Leaf Species Using Smartphones - Copy.pdf
[2026-03-30 21:22:26] File Deleted FROM USB: E:\CNN Approaches for Classification of Indian Leaf Species Using Smartphones (1) - Copy.pdf
[2026-03-30 21:22:26] File Deleted FROM USB: E:\Connect - Copy.class
[2026-03-30 21:22:26] File Deleted FROM USB: E:\copo mapping - Copy.jpeg
[2026-03-30 21:22:26] File Deleted FROM USB: E:\cover page - Copy.pdf
[2026-03-30 21:22:26] File Deleted FROM USB: E:\Covid report - Copy.pdf
[2026-03-30 21:22:26] File Deleted FROM USB: E:\CROP---Plant-Disease-Identification-Using-App-master - Copy.zip
[2026-03-30 21:22:26] File Deleted FROM USB: E:\CT20192617190_Application - Copy.pdf
[2026-03-30 21:22:26] File Deleted FROM USB: E:\customers - Copy.csv
[2026-03-30 21:22:26] File Deleted FROM USB: E:\data - Copy.csv
[2026-03-30 21:22:26] File Deleted FROM USB: E:\Data `set Medicinal Plants used to boost immunity  - Copy.xlsx
[2026-03-30 21:22:26] File Deleted FROM USB: E:\Data on indegeneous traditional knowledge of medicinal plants in treating opportunistic infections in Uganda Data Note5April2020 - Copy.xlsx
[2026-03-30 21:22:26] File Deleted FROM USB: E:\Data science - Copy.ipynb
[2026-03-30 21:22:26] File Deleted FROM USB: E:\datasets_707640_1270808_train - Copy.csv
[2026-03-30 21:22:26] File Deleted FROM USB: E:\datasets_707640_1270808_train (1) - Copy.csv
[2026-03-30 21:22:26] File Deleted FROM USB: E:\db - Copy.sqlite3
[2026-03-30 21:22:26] File Deleted FROM USB: E:\debug - Copy.log
[2026-03-30 21:22:26] File Deleted FROM USB: E:\Deep-Plant-master - Copy.zip
[2026-03-30 21:22:26] File Deleted FROM USB: E:\demo_icmr2013last.pdf
[2026-03-30 21:22:26] File Deleted FROM USB: E:\en_pageload (2) - Copy.mp3
[2026-03-30 21:22:26] File Deleted FROM USB: E:\exdata.xlsx
[2026-03-30 21:22:26] File Deleted FROM USB: E:\G12_SRS.docx
[2026-03-30 21:22:26] File Deleted FROM USB: E:\Ganavi N_4S017CS040.docx
[2026-03-30 21:22:26] File Deleted FROM USB: E:\GANAVI N_4SO17CS040(internship).docx
[2026-03-30 21:22:26] File Deleted FROM USB: E:\GANAVI N_4SO17CS040(internship_report).docx
[2026-03-30 21:22:26] File Deleted FROM USB: E:\GANAVI N_4SO17CS040.docx
[2026-03-30 21:22:26] File Deleted FROM USB: E:\GANAVI N_4SO17CS040.pdf
[2026-03-30 21:22:26] File Deleted FROM USB: E:\Ganavi N_sem.docx
[2026-03-30 21:22:26] File Deleted FROM USB: E:\Group13_ecommerce website.pdf
[2026-03-30 21:22:26] File Deleted FROM USB: E:\Group13_UIMiniProject-converted.pdf
[2026-03-30 21:22:26] File Deleted FROM USB: E:\install-tl-windows - Copy.exe
[2026-03-30 21:22:26] File Deleted FROM USB: E:\install-tl-windows.exe
[2026-03-30 21:22:26] File Deleted FROM USB: E:\JavaSetup.exe
[2026-03-30 21:22:26] File Deleted FROM USB: E:\jdk-8u111-nb-8_2-windows-x64.exe
[2026-03-30 21:22:26] File Deleted FROM USB: E:\jdk-11.0.2_windows-x64_bin.exe
[2026-03-30 21:22:26] File Deleted FROM USB: E:\libcrypto-1_1.dll
[2026-03-30 21:22:26] File Deleted FROM USB: E:\libffi-7.dll
[2026-03-30 21:22:26] File Deleted FROM USB: E:\libssl-1_1.dll
[2026-03-30 21:22:26] File Deleted FROM USB: E:\license.txt
[2026-03-30 21:22:26] File Deleted FROM USB: E:\main.py
[2026-03-30 21:22:26] File Deleted FROM USB: E:\Plant-Recognition-master.zip
[2026-03-30 21:22:26] File Deleted FROM USB: E:\Plants ppt (1).pptx
[2026-03-30 21:22:26] File Deleted FROM USB: E:\Plants ppt.pptx
[2026-03-30 21:22:26] File Deleted FROM USB: E:\plant-yanikoglu.pdf
[2026-03-30 21:22:26] File Deleted FROM USB: E:\Poisonous-Plant-Classifier-master.zip
[2026-03-30 21:22:26] File Deleted FROM USB: E:\Position_Salaries.csv
[2026-03-30 21:22:26] File Deleted FROM USB: E:\Project coverpage.pdf
[2026-03-30 21:22:26] File Deleted FROM USB: E:\Project Outer Cover Page (1).docx
[2026-03-30 21:22:26] File Deleted FROM USB: E:\Project proposal cover page_2020-21.docx
[2026-03-30 21:22:26] File Deleted FROM USB: E:\pycharm-professional-2020.2.1.exe
[2026-03-30 21:22:26] File Deleted FROM USB: E:\pyexpat.pyd
[2026-03-30 21:22:26] File Deleted FROM USB: E:\Python Practice - 2.rar
[2026-03-30 21:22:26] File Deleted FROM USB: E:\Python Practice - 3.rar
[2026-03-30 21:22:26] File Deleted FROM USB: E:\Python Practice - 4.rar
[2026-03-30 21:22:26] File Deleted FROM USB: E:\Python Practice - 5.rar
[2026-03-30 21:22:26] File Deleted FROM USB: E:\python.cat
[2026-03-30 21:22:26] File Deleted FROM USB: E:\python.exe
[2026-03-30 21:22:26] File Deleted FROM USB: E:\python-3.8.5-amd64.exe
[2026-03-30 21:22:26] File Deleted FROM USB: E:\python3.dll
[2026-03-30 21:22:26] File Deleted FROM USB: E:\python38._pth
[2026-03-30 21:22:26] File Deleted FROM USB: E:\python38.dll
[2026-03-30 21:22:26] File Deleted FROM USB: E:\pythonw.exe
[2026-03-30 21:22:26] File Deleted FROM USB: E:\ques bank ans.pdf
[2026-03-30 21:22:26] File Deleted FROM USB: E:\README.md
[2026-03-30 21:22:26] File Deleted FROM USB: E:\ReadMe.pdf
[2026-03-30 21:22:26] File Deleted FROM USB: E:\resume(1page).zip
[2026-03-30 21:22:26] File Deleted FROM USB: E:\resume(1page)-1.jpg
[2026-03-30 21:22:26] File Deleted FROM USB: E:\resume(1page)-2.jpg
[2026-03-30 21:22:26] File Deleted FROM USB: E:\resume_1page_-1.jpeg
[2026-03-30 21:22:26] File Deleted FROM USB: E:\Resume-template.doc
[2026-03-30 21:22:26] File Deleted FROM USB: E:\Rs 50- SERVICE AGREEMENT FORMAT-V 1.1.pdf
[2026-03-30 21:22:26] File Deleted FROM USB: E:\Rs 100- SERVICE AGREEMENT FORMAT-V 1.1.pdf
[2026-03-30 21:22:26] File Deleted FROM USB: E:\RunnerMapGeneration.unitypackage
[2026-03-30 21:22:26] File Deleted FROM USB: E:\san ans.pdf
[2026-03-30 21:22:26] File Deleted FROM USB: E:\Sci-Hub-0.2.zip
[2026-03-30 21:22:26] File Deleted FROM USB: E:\sdk.chm
[2026-03-30 21:22:26] File Deleted FROM USB: E:\sdk.chw
[2026-03-30 21:22:26] File Deleted FROM USB: E:\select.pyd
[2026-03-30 21:22:26] File Deleted FROM USB: E:\Seminar-Report-format_2020-21 - Google Docs.pdf
[2026-03-30 21:22:26] File Deleted FROM USB: E:\Seminar-Report-format_2020-21 - Google Docs-converted.docx
[2026-03-30 21:22:26] File Deleted FROM USB: E:\sensors-20-07226.pdf
[2026-03-30 21:22:26] File Deleted FROM USB: E:\serp_improvedexperience_onload_8029_05_lisa.mp3
[2026-03-30 21:22:26] File Deleted FROM USB: E:\ServerRegistrationManager.exe
[2026-03-30 21:22:26] File Deleted FROM USB: E:\SharpShell.dll
[2026-03-30 21:22:26] File Deleted FROM USB: E:\snap_bv100620.eps
[2026-03-30 21:22:26] File Deleted FROM USB: E:\sqlite3.dll
[2026-03-30 21:22:26] File Deleted FROM USB: E:\srs.pdf
[2026-03-30 21:22:26] File Deleted FROM USB: E:\SSRN-id3170725.pdf
[2026-03-30 21:22:26] File Deleted FROM USB: E:\SSRN-id3563074.pdf
[2026-03-30 21:22:26] File Deleted FROM USB: E:\standardleaves.tar.bz2
[2026-03-30 21:22:26] File Deleted FROM USB: E:\student-data.csv
[2026-03-30 21:22:26] File Deleted FROM USB: E:\Sublime Text Build 3211 x64 Setup.exe
[2026-03-30 21:22:26] File Deleted FROM USB: E:\survey_responses.csv
[2026-03-30 21:22:26] File Deleted FROM USB: E:\szx.psd
[2026-03-30 21:22:26] File Deleted FROM USB: E:\T2 Anil Maheshwari - Data analytics-McGraw-Hill Education (2017).pdf
[2026-03-30 21:22:26] File Deleted FROM USB: E:\testcase.docx
[2026-03-30 21:22:26] File Deleted FROM USB: E:\TPPT_database.xlsx
[2026-03-30 21:22:26] File Deleted FROM USB: E:\uid cover-converted.docx
[2026-03-30 21:22:26] File Deleted FROM USB: E:\UID_asssignment-converted.docx
[2026-03-30 21:22:26] File Deleted FROM USB: E:\Uid_seminar.pptx
[2026-03-30 21:22:26] File Deleted FROM USB: E:\UMTgoea.jpg
[2026-03-30 21:22:26] File Deleted FROM USB: E:\Unconfirmed 427545.crdownload
[2026-03-30 21:22:26] File Deleted FROM USB: E:\unicodedata.pyd
[2026-03-30 21:22:26] File Deleted FROM USB: E:\Unity_v2017.x.ulf
[2026-03-30 21:22:26] File Deleted FROM USB: E:\UnityHubSetup.exe
[2026-03-30 21:22:26] File Deleted FROM USB: E:\Untitled.ipynb
[2026-03-30 21:22:26] File Deleted FROM USB: E:\Untitled1.ipynb
[2026-03-30 21:22:26] File Deleted FROM USB: E:\Untitled2.ipynb
[2026-03-30 21:22:26] File Deleted FROM USB: E:\Untitled8 (1).py
[2026-03-30 21:22:26] File Deleted FROM USB: E:\Untitled8.py
[2026-03-30 21:22:26] File Deleted FROM USB: E:\Untitled11.py
[2026-03-30 21:22:26] File Deleted FROM USB: E:\Untitled13 (1).py
[2026-03-30 21:22:26] File Deleted FROM USB: E:\Untitled13.py
[2026-03-30 21:22:26] File Deleted FROM USB: E:\Untitled16 (1).py
[2026-03-30 21:22:26] File Deleted FROM USB: E:\Untitled16.ipynb
[2026-03-30 21:22:26] File Deleted FROM USB: E:\Untitled16.py
[2026-03-30 21:22:26] File Deleted FROM USB: E:\Untitled18 (1).ipynb
[2026-03-30 21:22:26] File Deleted FROM USB: E:\Untitled18.ipynb
[2026-03-30 21:22:26] File Deleted FROM USB: E:\Untitled18.py
[2026-03-30 21:22:26] File Deleted FROM USB: E:\Untitled20 (1).ipynb
[2026-03-30 21:22:26] File Deleted FROM USB: E:\Untitled20.py
[2026-03-30 21:22:26] File Deleted FROM USB: E:\Untitled22.ipynb
[2026-03-30 21:22:26] File Deleted FROM USB: E:\usercode.zip
[2026-03-30 21:22:26] File Deleted FROM USB: E:\vcruntime140.dll
[2026-03-30 21:22:26] File Deleted FROM USB: E:\vcruntime140_1.dll
[2026-03-30 21:22:26] File Deleted FROM USB: E:\view.html
[2026-03-30 21:22:26] File Deleted FROM USB: E:\vs_community__1102559027.1564475945.exe
[2026-03-30 21:22:26] File Deleted FROM USB: E:\xd-resources-ecommerce-ui.zip
[2026-03-30 21:22:26] File Deleted FROM USB: E:\yu2020.pdf
[2026-03-30 21:22:26] File Deleted FROM USB: E:\yu2020-converted.docx
[2026-03-30 21:22:26] File Deleted FROM USB: E:\dbo.Procedure.sql
[2026-03-30 21:22:26] File Deleted FROM USB: E:\dbo.PatientBill_discharge_Trigger.sql
[2026-03-30 21:22:26] File Deleted FROM USB: E:\dbo.NewDoctor.sql
[2026-03-30 21:22:26] File Deleted FROM USB: E:\CYBER REGULATIONS.pptx
[2026-03-30 21:22:26] File Deleted FROM USB: E:\COMPUTER GRAPHICS CODE.docx
[2026-03-30 21:22:26] File Deleted FROM USB: E:\commands.vdi
[2026-03-30 21:22:26] File Deleted FROM USB: E:\Classification of plants into herbal and toxic based on leaf image.docx
[2026-03-30 21:22:26] File Deleted FROM USB: E:\Classification of plants into herbal and toxic based on leaf image synopsis.docx
[2026-03-30 21:22:26] File Deleted FROM USB: E:\abst.txt
[2026-03-30 21:22:26] File Deleted FROM USB: E:\3D Objects - Shortcut.lnk
[2026-03-30 21:22:26] File Deleted FROM USB: E:\~WRD0002.tmp
[2026-03-30 21:22:26] File Deleted FROM USB: E:\winbgim.h
[2026-03-30 21:22:26] File Deleted FROM USB: E:\Unity_lic.alf
[2026-03-30 21:22:26] File Deleted FROM USB: E:\ui miniproject demo.pptx
[2026-03-30 21:22:26] File Deleted FROM USB: E:\Student Intervention System_internship.pptx
[2026-03-30 21:22:26] File Deleted FROM USB: E:\Plant identification by leaf images.pptx
[2026-03-30 21:22:26] File Deleted FROM USB: E:\phase1.docx
[2026-03-30 21:22:26] File Deleted FROM USB: E:\mta score.png
[2026-03-30 21:22:26] File Deleted FROM USB: E:\MTA certificate.oxps
[2026-03-30 21:22:26] File Deleted FROM USB: E:\mta certi.png
[2026-03-30 21:22:26] File Deleted FROM USB: E:\MTA CER.xps
[2026-03-30 21:22:26] File Deleted FROM USB: E:\Methods and Material.docx
[2026-03-30 21:22:26] File Deleted FROM USB: E:\Methodology.pptx
[2026-03-30 21:22:26] File Deleted FROM USB: E:\Medicinal Plants Identification by Leaf Images.pptx
[2026-03-30 21:22:26] File Deleted FROM USB: E:\Medicinal plant identification by leaf images.pptx
[2026-03-30 21:22:26] File Deleted FROM USB: E:\libbgi.a
[2026-03-30 21:22:26] File Deleted FROM USB: E:\jcalendar-1.4.jar
[2026-03-30 21:22:26] File Deleted FROM USB: E:\Hospital_log.ldf
[2026-03-30 21:22:26] File Deleted FROM USB: E:\Hospital.mdf
[2026-03-30 21:22:26] File Deleted FROM USB: E:\Group13_UIMiniProject.docx
[2026-03-30 21:22:26] File Deleted FROM USB: E:\graphics.h
[2026-03-30 21:22:26] File Deleted FROM USB: E:\Ganavi N_Presentation.pptx
[2026-03-30 21:22:26] File Deleted FROM USB: E:\Ganavi N.oxps
[2026-03-30 21:22:26] File Deleted FROM USB: E:\GA12_Plant idendification by leaf images.docx
[2026-03-30 21:22:26] File Deleted FROM USB: E:\GA12_Medicinal plants identification website.docx
[2026-03-30 21:22:26] File Deleted FROM USB: E:\final presentation.pptx
[2026-03-30 21:22:26] File Deleted FROM USB: E:\Downloads - Shortcut.lnk
[2026-03-30 21:22:26] File Deleted FROM USB: E:\download.log
[2026-03-30 21:22:26] File Deleted FROM USB: E:\Ganavi_N_CV.docx
[2026-03-30 21:22:26] File Deleted FROM USB: E:\System Volume Information\WPSettings.dat
[2026-03-30 21:22:26] File Deleted FROM USB: E:\System Volume Information\IndexerVolumeGuid
[2026-03-30 21:22:26] File Deleted FROM USB: E:\files\example.css
[2026-03-30 21:22:26] File Deleted FROM USB: E:\files\makedicts.py
[2026-03-30 21:22:26] File Deleted FROM USB: E:\files\.vs\ProjectSettings.json
[2026-03-30 21:22:26] File Deleted FROM USB: E:\files\.vs\PythonSettings.json
[2026-03-30 21:22:26] File Deleted FROM USB: E:\files\.vs\slnx.sqlite
[2026-03-30 21:22:26] File Deleted FROM USB: E:\files\.vs\files\v16\.suo
[2026-03-30 21:22:26] File Deleted FROM USB: E:\files\images\command_mode.png
[2026-03-30 21:22:26] File Deleted FROM USB: E:\files\images\edit_mode.png
[2026-03-30 21:22:26] File Deleted FROM USB: E:\files\images\menubar_toolbar.png
[2026-03-30 21:22:26] File Deleted FROM USB: E:\.ipynb_checkpoints\00 Hello World-checkpoint.ipynb
[2026-03-30 21:22:26] File Deleted FROM USB: E:\.ipynb_checkpoints\01 Introducing the IPython Notebook-checkpoint.ipynb
[2026-03-30 21:22:26] File Deleted FROM USB: E:\.ipynb_checkpoints\02 Variable Strings and Numbers-checkpoint.ipynb
[2026-03-30 21:22:26] File Deleted FROM USB: E:\.ipynb_checkpoints\03 List and Tuples and Sets-checkpoint.ipynb
[2026-03-30 21:22:26] File Deleted FROM USB: E:\.ipynb_checkpoints\Data science-checkpoint.ipynb
[2026-03-30 21:22:26] File Deleted FROM USB: E:\.ipynb_checkpoints\notebook2380a0ac3a (2)-checkpoint.ipynb
[2026-03-30 21:22:26] File Deleted FROM USB: E:\.ipynb_checkpoints\Untitled-checkpoint.ipynb
[2026-03-30 21:22:26] File Deleted FROM USB: E:\.ipynb_checkpoints\Untitled1-checkpoint.ipynb
[2026-03-30 21:22:26] File Deleted FROM USB: E:\.ipynb_checkpoints\Untitled16-checkpoint.ipynb
[2026-03-30 21:22:26] File Deleted FROM USB: E:\.ipynb_checkpoints\Untitled18 (1)-checkpoint.ipynb
[2026-03-30 21:22:26] File Deleted FROM USB: E:\.ipynb_checkpoints\Untitled18-checkpoint.ipynb
[2026-03-30 21:22:26] File Deleted FROM USB: E:\.ipynb_checkpoints\Untitled2-checkpoint.ipynb
[2026-03-30 21:22:26] File Deleted FROM USB: E:\.ipynb_checkpoints\Untitled20 (1)-checkpoint.ipynb
[2026-03-30 21:22:26] File Deleted FROM USB: E:\.ipynb_checkpoints\Untitled20-checkpoint.ipynb
[2026-03-30 21:22:26] File Deleted FROM USB: E:\.ipynb_checkpoints\Untitled22-checkpoint.ipynb
[2026-03-30 21:22:26] File Deleted FROM USB: E:\.ipynb_checkpoints\04 If Statements-checkpoint.ipynb
[2026-03-30 21:22:26] File Deleted FROM USB: E:\.ipynb_checkpoints\05 While Loops and User input-checkpoint.ipynb
[2026-03-30 21:22:26] File Deleted FROM USB: E:\.ipynb_checkpoints\08 Classes and OOP-checkpoint.ipynb
[2026-03-30 21:22:26] File Deleted FROM USB: E:\book-store\.gitignore
[2026-03-30 21:22:26] File Deleted FROM USB: E:\book-store\backend.py
[2026-03-30 21:22:26] File Deleted FROM USB: E:\book-store\books.db
[2026-03-30 21:22:26] File Deleted FROM USB: E:\book-store\bookstore.py
[2026-03-30 21:22:26] File Deleted FROM USB: E:\book-store\README.md
[2026-03-30 21:22:26] File Deleted FROM USB: E:\book-store\.idea\book-store.iml
[2026-03-30 21:22:26] File Deleted FROM USB: E:\book-store\.idea\modules.xml
[2026-03-30 21:22:26] File Deleted FROM USB: E:\book-store\.idea\workspace.xml
[2026-03-30 21:22:26] File Deleted FROM USB: E:\book-store\.idea\inspectionProfiles\profiles_settings.xml
[2026-03-30 21:22:26] File Deleted FROM USB: E:\book-store\.idea\inspectionProfiles\Project_Default.xml
[2026-03-30 21:22:26] File Deleted FROM USB: E:\book-store\.vscode\settings.json
[2026-03-30 21:22:26] File Deleted FROM USB: E:\book-store\oop_app\account\account.py
[2026-03-30 21:22:26] File Deleted FROM USB: E:\book-store\oop_app\account\ballance.txt
[2026-03-30 21:22:26] File Deleted FROM USB: E:\book-store\oop_app\bookstore\books1
[2026-03-30 21:22:26] File Deleted FROM USB: E:\book-store\oop_app\bookstore\books1.db
[2026-03-30 21:22:26] File Deleted FROM USB: E:\book-store\oop_app\bookstore\oopBackend.py
[2026-03-30 21:22:26] File Deleted FROM USB: E:\book-store\oop_app\bookstore\oopFrontend.py
[2026-03-30 21:22:26] File Deleted FROM USB: E:\book-store\__pycache__\backend.cpython-37.pyc
[2026-03-30 21:22:26] File Deleted FROM USB: E:\book-store\__pycache__\backend.cpython-38.pyc
[2026-03-30 21:22:26] File Deleted FROM USB: E:\bookstore-master\.gitattributes
[2026-03-30 21:22:26] File Deleted FROM USB: E:\bookstore-master\.gitignore
[2026-03-30 21:22:26] File Deleted FROM USB: E:\bookstore-master\.htaccess
[2026-03-30 21:22:26] File Deleted FROM USB: E:\bookstore-master\index.php
[2026-03-30 21:22:26] File Deleted FROM USB: E:\bookstore-master\README.md
[2026-03-30 21:22:26] File Deleted FROM USB: E:\bookstore-master\database\bestseller.sql
[2026-03-30 21:22:26] File Deleted FROM USB: E:\bookstore-master\protected\.htaccess
[2026-03-30 21:22:26] File Deleted FROM USB: E:\bookstore-master\protected\admin\controllers\AuthorsController.php
[2026-03-30 21:22:26] File Deleted FROM USB: E:\bookstore-master\protected\admin\controllers\BaseController.php
[2026-03-30 21:22:26] File Deleted FROM USB: E:\bookstore-master\protected\admin\controllers\CategoriesController.php
[2026-03-30 21:22:26] File Deleted FROM USB: E:\bookstore-master\protected\admin\controllers\CustomersController.php
[2026-03-30 21:22:26] File Deleted FROM USB: E:\bookstore-master\protected\admin\controllers\MainController.php
[2026-03-30 21:22:26] File Deleted FROM USB: E:\bookstore-master\protected\admin\controllers\OrdersController.php
[2026-03-30 21:22:26] File Deleted FROM USB: E:\bookstore-master\protected\admin\controllers\ProductsController.php
[2026-03-30 21:22:26] File Deleted FROM USB: E:\bookstore-master\protected\admin\controllers\PublishersController.php
[2026-03-30 21:22:26] File Deleted FROM USB: E:\bookstore-master\protected\admin\controllers\ReportsController.php
[2026-03-30 21:22:26] File Deleted FROM USB: E:\bookstore-master\protected\admin\controllers\ReviewsController.php
[2026-03-30 21:22:26] File Deleted FROM USB: E:\bookstore-master\protected\admin\controllers\SettingsController.php
[2026-03-30 21:22:26] File Deleted FROM USB: E:\bookstore-master\protected\admin\models\A_Authors.php
[2026-03-30 21:22:26] File Deleted FROM USB: E:\bookstore-master\protected\admin\models\A_Categories.php
[2026-03-30 21:22:26] File Deleted FROM USB: E:\bookstore-master\protected\admin\models\A_Customers.php
[2026-03-30 21:22:26] File Deleted FROM USB: E:\bookstore-master\protected\admin\models\A_Model.php
[2026-03-30 21:22:26] File Deleted FROM USB: E:\bookstore-master\protected\admin\models\A_Orders.php
[2026-03-30 21:22:26] File Deleted FROM USB: E:\bookstore-master\protected\admin\models\A_Products.php
[2026-03-30 21:22:26] File Deleted FROM USB: E:\bookstore-master\protected\admin\models\A_Publishers.php
[2026-03-30 21:22:26] File Deleted FROM USB: E:\bookstore-master\protected\admin\models\A_Reports.php
[2026-03-30 21:22:26] File Deleted FROM USB: E:\bookstore-master\protected\admin\models\A_Reviews.php
[2026-03-30 21:22:26] File Deleted FROM USB: E:\bookstore-master\protected\admin\models\A_Settings.php
[2026-03-30 21:22:26] File Deleted FROM USB: E:\bookstore-master\protected\config\config.php
[2026-03-30 21:22:26] File Deleted FROM USB: E:\bookstore-master\protected\controllers\Controller.php
[2026-03-30 21:22:26] File Deleted FROM USB: E:\bookstore-master\protected\controllers\about\controller.php
[2026-03-30 21:22:26] File Deleted FROM USB: E:\bookstore-master\protected\controllers\account\controller.php
[2026-03-30 21:22:26] File Deleted FROM USB: E:\bookstore-master\protected\controllers\authenticate\controller.php
[2026-03-30 21:22:26] File Deleted FROM USB: E:\bookstore-master\protected\controllers\authors\controller.php
[2026-03-30 21:22:26] File Deleted FROM USB: E:\bookstore-master\protected\controllers\basket\controller.php
[2026-03-30 21:22:26] File Deleted FROM USB: E:\bookstore-master\protected\controllers\categories\controller.php
[2026-03-30 21:22:26] File Deleted FROM USB: E:\bookstore-master\protected\controllers\checkout\controller.php
[2026-03-30 21:22:26] File Deleted FROM USB: E:\bookstore-master\protected\controllers\contact\controller.php
[2026-03-30 21:22:26] File Deleted FROM USB: E:\bookstore-master\protected\controllers\main\controller.php
[2026-03-30 21:22:26] File Deleted FROM USB: E:\bookstore-master\protected\controllers\products\controller.php
[2026-03-30 21:22:26] File Deleted FROM USB: E:\bookstore-master\protected\controllers\rating\controller.php
[2026-03-30 21:22:26] File Deleted FROM USB: E:\bookstore-master\protected\controllers\registration\controller.php
[2026-03-30 21:22:26] File Deleted FROM USB: E:\bookstore-master\protected\models\Account.php
[2026-03-30 21:22:26] File Deleted FROM USB: E:\bookstore-master\protected\models\Authenticate.php
[2026-03-30 21:22:26] File Deleted FROM USB: E:\bookstore-master\protected\models\Authors.php
[2026-03-30 21:22:26] File Deleted FROM USB: E:\bookstore-master\protected\models\Basket.php
[2026-03-30 21:22:26] File Deleted FROM USB: E:\bookstore-master\protected\models\Categories.php
[2026-03-30 21:22:26] File Deleted FROM USB: E:\bookstore-master\protected\models\Checkout.php
[2026-03-30 21:22:26] File Deleted FROM USB: E:\bookstore-master\protected\models\Model.php
[2026-03-30 21:22:26] File Deleted FROM USB: E:\bookstore-master\protected\models\Products.php
[2026-03-30 21:22:26] File Deleted FROM USB: E:\bookstore-master\protected\models\Rating.php
[2026-03-30 21:22:26] File Deleted FROM USB: E:\bookstore-master\protected\models\Registration.php
[2026-03-30 21:22:26] File Deleted FROM USB: E:\bookstore-master\protected\models\Review.php
[2026-03-30 21:22:26] File Deleted FROM USB: E:\bookstore-master\protected\models\UploadFiles.php
[2026-03-30 21:22:26] File Deleted FROM USB: E:\bookstore-master\protected\models\User.php
[2026-03-30 21:22:26] File Deleted FROM USB: E:\bookstore-master\protected\models\Validator.php
[2026-03-30 21:22:26] File Deleted FROM USB: E:\bookstore-master\protected\nbproject\project.properties
[2026-03-30 21:22:26] File Deleted FROM USB: E:\bookstore-master\protected\nbproject\project.xml
[2026-03-30 21:22:26] File Deleted FROM USB: E:\bookstore-master\protected\nbproject\private\private.properties
[2026-03-30 21:22:26] File Deleted FROM USB: E:\bookstore-master\protected\nbproject\private\private.xml
[2026-03-30 21:22:26] File Deleted FROM USB: E:\bookstore-master\protected\registry\Email.php
[2026-03-30 21:22:26] File Deleted FROM USB: E:\bookstore-master\protected\registry\Mysqldb.php
[2026-03-30 21:22:26] File Deleted FROM USB: E:\bookstore-master\protected\registry\Paginator.php
[2026-03-30 21:22:26] File Deleted FROM USB: E:\bookstore-master\protected\registry\Registry.php
[2026-03-30 21:22:26] File Deleted FROM USB: E:\bookstore-master\protected\registry\Security.php
[2026-03-30 21:22:26] File Deleted FROM USB: E:\bookstore-master\protected\registry\Session.php
[2026-03-30 21:22:26] File Deleted FROM USB: E:\bookstore-master\protected\registry\Template.php
[2026-03-30 21:22:26] File Deleted FROM USB: E:\bookstore-master\protected\registry\UrlProcessor.php
[2026-03-30 21:22:26] File Deleted FROM USB: E:\bookstore-master\protected\registry\PHPMailer\.gitignore
[2026-03-30 21:22:26] File Deleted FROM USB: E:\bookstore-master\protected\registry\PHPMailer\.scrutinizer.yml
[2026-03-30 21:22:26] File Deleted FROM USB: E:\bookstore-master\protected\registry\PHPMailer\.travis.yml
[2026-03-30 21:22:26] File Deleted FROM USB: E:\bookstore-master\protected\registry\PHPMailer\changelog.md
[2026-03-30 21:22:26] File Deleted FROM USB: E:\bookstore-master\protected\registry\PHPMailer\class.phpmailer.php
[2026-03-30 21:22:26] File Deleted FROM USB: E:\bookstore-master\protected\registry\PHPMailer\class.pop3.php
[2026-03-30 21:22:26] File Deleted FROM USB: E:\bookstore-master\protected\registry\PHPMailer\class.smtp.php
[2026-03-30 21:22:26] File Deleted FROM USB: E:\bookstore-master\protected\registry\PHPMailer\composer.json
[2026-03-30 21:22:26] File Deleted FROM USB: E:\bookstore-master\protected\registry\PHPMailer\LICENSE
[2026-03-30 21:22:26] File Deleted FROM USB: E:\bookstore-master\protected\registry\PHPMailer\PHPMailerAutoload.php
[2026-03-30 21:22:26] File Deleted FROM USB: E:\bookstore-master\protected\registry\PHPMailer\README.md
[2026-03-30 21:22:26] File Deleted FROM USB: E:\bookstore-master\protected\registry\PHPMailer\travis.phpunit.xml.dist
[2026-03-30 21:22:26] File Deleted FROM USB: E:\bookstore-master\protected\registry\PHPMailer\VERSION
[2026-03-30 21:22:26] File Deleted FROM USB: E:\bookstore-master\protected\registry\PHPMailer\docs\Callback_function_notes.txt
[2026-03-30 21:22:26] File Deleted FROM USB: E:\bookstore-master\protected\registry\PHPMailer\docs\DomainKeys_notes.txt
[2026-03-30 21:22:26] File Deleted FROM USB: E:\bookstore-master\protected\registry\PHPMailer\docs\extending.html
[2026-03-30 21:22:26] File Deleted FROM USB: E:\bookstore-master\protected\registry\PHPMailer\docs\faq.html
[2026-03-30 21:22:26] File Deleted FROM USB: E:\bookstore-master\protected\registry\PHPMailer\docs\generatedocs.sh
[2026-03-30 21:22:26] File Deleted FROM USB: E:\bookstore-master\protected\registry\PHPMailer\docs\Note_for_SMTP_debugging.txt
[2026-03-30 21:22:26] File Deleted FROM USB: E:\bookstore-master\protected\registry\PHPMailer\docs\pop3_article.txt
[2026-03-30 21:22:26] File Deleted FROM USB: E:\bookstore-master\protected\registry\PHPMailer\examples\code_generator.phps
[2026-03-30 21:22:26] File Deleted FROM USB: E:\bookstore-master\protected\registry\PHPMailer\examples\contents.html
[2026-03-30 21:22:26] File Deleted FROM USB: E:\bookstore-master\protected\registry\PHPMailer\examples\contentsutf8.html
[2026-03-30 21:22:26] File Deleted FROM USB: E:\bookstore-master\protected\registry\PHPMailer\examples\exceptions.phps
[2026-03-30 21:22:26] File Deleted FROM USB: E:\bookstore-master\protected\registry\PHPMailer\examples\gmail.phps
[2026-03-30 21:22:26] File Deleted FROM USB: E:\bookstore-master\protected\registry\PHPMailer\examples\index.html
[2026-03-30 21:22:26] File Deleted FROM USB: E:\bookstore-master\protected\registry\PHPMailer\examples\mail.phps
[2026-03-30 21:22:26] File Deleted FROM USB: E:\bookstore-master\protected\registry\PHPMailer\examples\mailing_list.phps
[2026-03-30 21:22:26] File Deleted FROM USB: E:\bookstore-master\protected\registry\PHPMailer\examples\pop_before_smtp.phps
[2026-03-30 21:22:26] File Deleted FROM USB: E:\bookstore-master\protected\registry\PHPMailer\examples\sendmail.phps
[2026-03-30 21:22:26] File Deleted FROM USB: E:\bookstore-master\protected\registry\PHPMailer\examples\send_file_upload.phps
[2026-03-30 21:22:26] File Deleted FROM USB: E:\bookstore-master\protected\registry\PHPMailer\examples\smtp.phps
[2026-03-30 21:22:26] File Deleted FROM USB: E:\bookstore-master\protected\registry\PHPMailer\examples\smtp_check.phps
[2026-03-30 21:22:26] File Deleted FROM USB: E:\bookstore-master\protected\registry\PHPMailer\examples\smtp_no_auth.phps
[2026-03-30 21:22:26] File Deleted FROM USB: E:\bookstore-master\protected\registry\PHPMailer\examples\ssl_options.phps
[2026-03-30 21:22:26] File Deleted FROM USB: E:\bookstore-master\protected\registry\PHPMailer\examples\images\phpmailer.png
[2026-03-30 21:22:26] File Deleted FROM USB: E:\bookstore-master\protected\registry\PHPMailer\examples\images\phpmailer_mini.png
[2026-03-30 21:22:26] File Deleted FROM USB: E:\bookstore-master\protected\registry\PHPMailer\examples\scripts\shAutoloader.js
[2026-03-30 21:22:26] File Deleted FROM USB: E:\bookstore-master\protected\registry\PHPMailer\examples\scripts\shBrushPhp.js
[2026-03-30 21:22:26] File Deleted FROM USB: E:\bookstore-master\protected\registry\PHPMailer\examples\scripts\shCore.js
[2026-03-30 21:22:26] File Deleted FROM USB: E:\bookstore-master\protected\registry\PHPMailer\examples\scripts\shLegacy.js
[2026-03-30 21:22:26] File Deleted FROM USB: E:\bookstore-master\protected\registry\PHPMailer\examples\scripts\XRegExp.js
[2026-03-30 21:22:26] File Deleted FROM USB: E:\bookstore-master\protected\registry\PHPMailer\examples\styles\shCore.css
[2026-03-30 21:22:26] File Deleted FROM USB: E:\bookstore-master\protected\registry\PHPMailer\examples\styles\shCoreDefault.css
[2026-03-30 21:22:26] File Deleted FROM USB: E:\bookstore-master\protected\registry\PHPMailer\examples\styles\shCoreDjango.css
[2026-03-30 21:22:26] File Deleted FROM USB: E:\bookstore-master\protected\registry\PHPMailer\examples\styles\shCoreEclipse.css
[2026-03-30 21:22:26] File Deleted FROM USB: E:\bookstore-master\protected\registry\PHPMailer\examples\styles\shCoreEmacs.css
[2026-03-30 21:22:26] File Deleted FROM USB: E:\bookstore-master\protected\registry\PHPMailer\examples\styles\shCoreFadeToGrey.css
[2026-03-30 21:22:26] File Deleted FROM USB: E:\bookstore-master\protected\registry\PHPMailer\examples\styles\shCoreMDUltra.css
[2026-03-30 21:22:26] File Deleted FROM USB: E:\bookstore-master\protected\registry\PHPMailer\examples\styles\shCoreMidnight.css
[2026-03-30 21:22:26] File Deleted FROM USB: E:\bookstore-master\protected\registry\PHPMailer\examples\styles\shCoreRDark.css
[2026-03-30 21:22:26] File Deleted FROM USB: E:\bookstore-master\protected\registry\PHPMailer\examples\styles\shThemeAppleScript.css
[2026-03-30 21:22:26] File Deleted FROM USB: E:\bookstore-master\protected\registry\PHPMailer\examples\styles\shThemeDefault.css
[2026-03-30 21:22:26] File Deleted FROM USB: E:\bookstore-master\protected\registry\PHPMailer\examples\styles\shThemeDjango.css
[2026-03-30 21:22:26] File Deleted FROM USB: E:\bookstore-master\protected\registry\PHPMailer\examples\styles\shThemeEclipse.css
[2026-03-30 21:22:26] File Deleted FROM USB: E:\bookstore-master\protected\registry\PHPMailer\examples\styles\shThemeEmacs.css
[2026-03-30 21:22:26] File Deleted FROM USB: E:\bookstore-master\protected\registry\PHPMailer\examples\styles\shThemeFadeToGrey.css
[2026-03-30 21:22:26] File Deleted FROM USB: E:\bookstore-master\protected\registry\PHPMailer\examples\styles\shThemeMDUltra.css
[2026-03-30 21:22:26] File Deleted FROM USB: E:\bookstore-master\protected\registry\PHPMailer\examples\styles\shThemeMidnight.css
[2026-03-30 21:22:26] File Deleted FROM USB: E:\bookstore-master\protected\registry\PHPMailer\examples\styles\shThemeRDark.css
[2026-03-30 21:22:26] File Deleted FROM USB: E:\bookstore-master\protected\registry\PHPMailer\examples\styles\shThemeVisualStudio.css
[2026-03-30 21:22:26] File Deleted FROM USB: E:\bookstore-master\protected\registry\PHPMailer\examples\styles\wrapping.png
[2026-03-30 21:22:26] File Deleted FROM USB: E:\bookstore-master\protected\registry\PHPMailer\extras\EasyPeasyICS.php
[2026-03-30 21:22:26] File Deleted FROM USB: E:\bookstore-master\protected\registry\PHPMailer\extras\htmlfilter.php
[2026-03-30 21:22:26] File Deleted FROM USB: E:\bookstore-master\protected\registry\PHPMailer\extras\ntlm_sasl_client.php
[2026-03-30 21:22:26] File Deleted FROM USB: E:\bookstore-master\protected\registry\PHPMailer\extras\README.md
[2026-03-30 21:22:26] File Deleted FROM USB: E:\bookstore-master\protected\registry\PHPMailer\language\phpmailer.lang-am.php
[2026-03-30 21:22:26] File Deleted FROM USB: E:\bookstore-master\protected\registry\PHPMailer\language\phpmailer.lang-ar.php
[2026-03-30 21:22:26] File Deleted FROM USB: E:\bookstore-master\protected\registry\PHPMailer\language\phpmailer.lang-az.php
[2026-03-30 21:22:26] File Deleted FROM USB: E:\bookstore-master\protected\registry\PHPMailer\language\phpmailer.lang-be.php
[2026-03-30 21:22:26] File Deleted FROM USB: E:\bookstore-master\protected\registry\PHPMailer\language\phpmailer.lang-bg.php
[2026-03-30 21:22:26] File Deleted FROM USB: E:\bookstore-master\protected\registry\PHPMailer\language\phpmailer.lang-br.php
[2026-03-30 21:22:26] File Deleted FROM USB: E:\bookstore-master\protected\registry\PHPMailer\language\phpmailer.lang-ca.php
[2026-03-30 21:22:26] File Deleted FROM USB: E:\bookstore-master\protected\registry\PHPMailer\language\phpmailer.lang-ch.php
[2026-03-30 21:22:26] File Deleted FROM USB: E:\bookstore-master\protected\registry\PHPMailer\language\phpmailer.lang-cz.php
[2026-03-30 21:22:26] File Deleted FROM USB: E:\bookstore-master\protected\registry\PHPMailer\language\phpmailer.lang-de.php
[2026-03-30 21:22:26] File Deleted FROM USB: E:\bookstore-master\protected\registry\PHPMailer\language\phpmailer.lang-dk.php
[2026-03-30 21:22:26] File Deleted FROM USB: E:\bookstore-master\protected\registry\PHPMailer\language\phpmailer.lang-el.php
[2026-03-30 21:22:26] File Deleted FROM USB: E:\bookstore-master\protected\registry\PHPMailer\language\phpmailer.lang-eo.php
[2026-03-30 21:22:26] File Deleted FROM USB: E:\bookstore-master\protected\registry\PHPMailer\language\phpmailer.lang-es.php
[2026-03-30 21:22:26] File Deleted FROM USB: E:\bookstore-master\protected\registry\PHPMailer\language\phpmailer.lang-et.php
[2026-03-30 21:22:26] File Deleted FROM USB: E:\bookstore-master\protected\registry\PHPMailer\language\phpmailer.lang-fa.php
[2026-03-30 21:22:26] File Deleted FROM USB: E:\bookstore-master\protected\registry\PHPMailer\language\phpmailer.lang-fi.php
[2026-03-30 21:22:26] File Deleted FROM USB: E:\bookstore-master\protected\registry\PHPMailer\language\phpmailer.lang-fo.php
[2026-03-30 21:22:26] File Deleted FROM USB: E:\bookstore-master\protected\registry\PHPMailer\language\phpmailer.lang-fr.php
[2026-03-30 21:22:26] File Deleted FROM USB: E:\bookstore-master\protected\registry\PHPMailer\language\phpmailer.lang-gl.php
[2026-03-30 21:22:26] File Deleted FROM USB: E:\bookstore-master\protected\registry\PHPMailer\language\phpmailer.lang-he.php
[2026-03-30 21:22:26] File Deleted FROM USB: E:\bookstore-master\protected\registry\PHPMailer\language\phpmailer.lang-hr.php
[2026-03-30 21:22:26] File Deleted FROM USB: E:\bookstore-master\protected\registry\PHPMailer\language\phpmailer.lang-hu.php
[2026-03-30 21:22:26] File Deleted FROM USB: E:\bookstore-master\protected\registry\PHPMailer\language\phpmailer.lang-id.php
[2026-03-30 21:22:26] File Deleted FROM USB: E:\bookstore-master\protected\registry\PHPMailer\language\phpmailer.lang-it.php
[2026-03-30 21:22:26] File Deleted FROM USB: E:\bookstore-master\protected\registry\PHPMailer\language\phpmailer.lang-ja.php
[2026-03-30 21:22:26] File Deleted FROM USB: E:\bookstore-master\protected\registry\PHPMailer\language\phpmailer.lang-ka.php
[2026-03-30 21:22:26] File Deleted FROM USB: E:\bookstore-master\protected\registry\PHPMailer\language\phpmailer.lang-ko.php
[2026-03-30 21:22:26] File Deleted FROM USB: E:\bookstore-master\protected\registry\PHPMailer\language\phpmailer.lang-lt.php
[2026-03-30 21:22:26] File Deleted FROM USB: E:\bookstore-master\protected\registry\PHPMailer\language\phpmailer.lang-lv.php
[2026-03-30 21:22:26] File Deleted FROM USB: E:\bookstore-master\protected\registry\PHPMailer\language\phpmailer.lang-ms.php
[2026-03-30 21:22:26] File Deleted FROM USB: E:\bookstore-master\protected\registry\PHPMailer\language\phpmailer.lang-nl.php
[2026-03-30 21:22:26] File Deleted FROM USB: E:\bookstore-master\protected\registry\PHPMailer\language\phpmailer.lang-no.php
[2026-03-30 21:22:26] File Deleted FROM USB: E:\bookstore-master\protected\registry\PHPMailer\language\phpmailer.lang-pl.php
[2026-03-30 21:22:26] File Deleted FROM USB: E:\bookstore-master\protected\registry\PHPMailer\language\phpmailer.lang-pt.php
[2026-03-30 21:22:26] File Deleted FROM USB: E:\bookstore-master\protected\registry\PHPMailer\language\phpmailer.lang-ro.php
[2026-03-30 21:22:26] File Deleted FROM USB: E:\bookstore-master\protected\registry\PHPMailer\language\phpmailer.lang-ru.php
[2026-03-30 21:22:26] File Deleted FROM USB: E:\bookstore-master\protected\registry\PHPMailer\language\phpmailer.lang-se.php
[2026-03-30 21:22:26] File Deleted FROM USB: E:\bookstore-master\protected\registry\PHPMailer\language\phpmailer.lang-sk.php
[2026-03-30 21:22:26] File Deleted FROM USB: E:\bookstore-master\protected\registry\PHPMailer\language\phpmailer.lang-sl.php
[2026-03-30 21:22:26] File Deleted FROM USB: E:\bookstore-master\protected\registry\PHPMailer\language\phpmailer.lang-sr.php
[2026-03-30 21:22:26] File Deleted FROM USB: E:\bookstore-master\protected\registry\PHPMailer\language\phpmailer.lang-tr.php
[2026-03-30 21:22:26] File Deleted FROM USB: E:\bookstore-master\protected\registry\PHPMailer\language\phpmailer.lang-uk.php
[2026-03-30 21:22:26] File Deleted FROM USB: E:\bookstore-master\protected\registry\PHPMailer\language\phpmailer.lang-vi.php
[2026-03-30 21:22:26] File Deleted FROM USB: E:\bookstore-master\protected\registry\PHPMailer\language\phpmailer.lang-zh.php
[2026-03-30 21:22:26] File Deleted FROM USB: E:\bookstore-master\protected\registry\PHPMailer\language\phpmailer.lang-zh_cn.php
[2026-03-30 21:22:26] File Deleted FROM USB: E:\bookstore-master\protected\registry\PHPMailer\test\bootstrap.php
[2026-03-30 21:22:26] File Deleted FROM USB: E:\bookstore-master\protected\registry\PHPMailer\test\fakepopserver.sh
[2026-03-30 21:22:26] File Deleted FROM USB: E:\bookstore-master\protected\registry\PHPMailer\test\fakesendmail.sh
[2026-03-30 21:22:26] File Deleted FROM USB: E:\bookstore-master\protected\registry\PHPMailer\test\phpmailerLangTest.php
[2026-03-30 21:22:26] File Deleted FROM USB: E:\bookstore-master\protected\registry\PHPMailer\test\phpmailerTest.php
[2026-03-30 21:22:26] File Deleted FROM USB: E:\bookstore-master\protected\registry\PHPMailer\test\runfakepopserver.sh
[2026-03-30 21:22:26] File Deleted FROM USB: E:\bookstore-master\protected\registry\PHPMailer\test\testbootstrap-dist.php
[2026-03-30 21:22:26] File Deleted FROM USB: E:\bookstore-master\protected\registry\PHPMailer\test\test_callback.php
[2026-03-30 21:22:26] File Deleted FROM USB: E:\bookstore-master\protected\uploads\author-images\06c8c05d80572be246dee5da019ad4ae2f4d9782.jpg
[2026-03-30 21:22:26] File Deleted FROM USB: E:\bookstore-master\protected\uploads\author-images\10746.jpg
[2026-03-30 21:22:26] File Deleted FROM USB: E:\bookstore-master\protected\uploads\author-images\11091.jpg
[2026-03-30 21:22:26] File Deleted FROM USB: E:\bookstore-master\protected\uploads\author-images\137902.jpg
[2026-03-30 21:22:26] File Deleted FROM USB: E:\bookstore-master\protected\uploads\author-images\1406384.jpg
[2026-03-30 21:22:26] File Deleted FROM USB: E:\bookstore-master\protected\uploads\author-images\150038.jpg
[2026-03-30 21:22:26] File Deleted FROM USB: E:\bookstore-master\protected\uploads\author-images\15872.jpg
[2026-03-30 21:22:26] File Deleted FROM USB: E:\bookstore-master\protected\uploads\author-images\1612.jpg
[2026-03-30 21:22:26] File Deleted FROM USB: E:\bookstore-master\protected\uploads\author-images\1648.jpg
[2026-03-30 21:22:26] File Deleted FROM USB: E:\bookstore-master\protected\uploads\author-images\18411.jpg
[2026-03-30 21:22:26] File Deleted FROM USB: E:\bookstore-master\protected\uploads\author-images\2383.jpg
[2026-03-30 21:22:26] File Deleted FROM USB: E:\bookstore-master\protected\uploads\author-images\2384.jpg
[2026-03-30 21:22:26] File Deleted FROM USB: E:\bookstore-master\protected\uploads\author-images\24556.jpg
[2026-03-30 21:22:26] File Deleted FROM USB: E:\bookstore-master\protected\uploads\author-images\26011.jpg
[2026-03-30 21:22:26] File Deleted FROM USB: E:\bookstore-master\protected\uploads\author-images\3389.jpg
[2026-03-30 21:22:26] File Deleted FROM USB: E:\bookstore-master\protected\uploads\author-images\34556.jpg
[2026-03-30 21:22:26] File Deleted FROM USB: E:\bookstore-master\protected\uploads\author-images\3780.jpg
[2026-03-30 21:22:26] File Deleted FROM USB: E:\bookstore-master\protected\uploads\author-images\3892.jpg
[2026-03-30 21:22:26] File Deleted FROM USB: E:\bookstore-master\protected\uploads\author-images\4308706.jpg
[2026-03-30 21:22:26] File Deleted FROM USB: E:\bookstore-master\protected\uploads\author-images\5011.jpg
[2026-03-30 21:22:26] File Deleted FROM USB: E:\bookstore-master\protected\uploads\author-images\5088.jpg
[2026-03-30 21:22:26] File Deleted FROM USB: E:\bookstore-master\protected\uploads\author-images\566.jpg
[2026-03-30 21:22:26] File Deleted FROM USB: E:\bookstore-master\protected\uploads\author-images\569.jpg
[2026-03-30 21:22:26] File Deleted FROM USB: E:\bookstore-master\protected\uploads\author-images\5c4d5582be32952e1a6dab27da431e5d5f31f14a.jpg
[2026-03-30 21:22:26] File Deleted FROM USB: E:\bookstore-master\protected\uploads\author-images\630.jpg
[2026-03-30 21:22:26] File Deleted FROM USB: E:\bookstore-master\protected\uploads\author-images\7128.jpg
[2026-03-30 21:22:26] File Deleted FROM USB: E:\bookstore-master\protected\uploads\author-images\abf2914227ae5576847b1aa82564c518d32fc774.jpg
[2026-03-30 21:22:26] File Deleted FROM USB: E:\bookstore-master\protected\uploads\product-images\15814903.jpg
[2026-03-30 21:22:26] File Deleted FROM USB: E:\bookstore-master\protected\uploads\product-images\1661a5bc4c180b0349e51ce25bc8ae633dc0764a.jpg
[2026-03-30 21:22:26] File Deleted FROM USB: E:\bookstore-master\protected\uploads\product-images\1ecbceced50b4b07abc5353cdb9616b51fef65e1.jpg
[2026-03-30 21:22:26] File Deleted FROM USB: E:\bookstore-master\protected\uploads\product-images\46438.jpg
[2026-03-30 21:22:26] File Deleted FROM USB: E:\bookstore-master\protected\uploads\product-images\47212.jpg
[2026-03-30 21:22:26] File Deleted FROM USB: E:\bookstore-master\protected\uploads\product-images\5939c6824abfe6f045adf9bfd799538fc36c4dec.jpg
[2026-03-30 21:22:26] File Deleted FROM USB: E:\bookstore-master\protected\uploads\product-images\71a666f8df7e548bd97cb77bafba13d1e323a06f.jpg
[2026-03-30 21:22:26] File Deleted FROM USB: E:\bookstore-master\protected\uploads\product-images\7a92d85ecc72af9f704ca8aabb6d6f6d6307d456.jpg
[2026-03-30 21:22:26] File Deleted FROM USB: E:\bookstore-master\protected\uploads\product-images\83c8304ff4c8d94a5ca842adc5bed3b26fbb28fc.jpg
[2026-03-30 21:22:26] File Deleted FROM USB: E:\bookstore-master\protected\uploads\product-images\8861e7264eb6e255c0ab3ec914a455c108336ede.jpg
[2026-03-30 21:22:26] File Deleted FROM USB: E:\bookstore-master\protected\uploads\product-images\a-praying-life.jpg
[2026-03-30 21:22:26] File Deleted FROM USB: E:\bookstore-master\protected\uploads\product-images\against-all-enemies.jpg
[2026-03-30 21:22:26] File Deleted FROM USB: E:\bookstore-master\protected\uploads\product-images\b2562457228d0c21725c72645be0d289ce11ba1e.jpg
[2026-03-30 21:22:26] File Deleted FROM USB: E:\bookstore-master\protected\uploads\product-images\b94e17a414082a3b7dfb7040030d8e5bfad6d647.jpg
[2026-03-30 21:22:26] File Deleted FROM USB: E:\bookstore-master\protected\uploads\product-images\bf1faf2c360f6af8515526ae7a7df9ed1e89ddb1.jpg
[2026-03-30 21:22:26] File Deleted FROM USB: E:\bookstore-master\protected\uploads\product-images\ca89c76f5ccf94591170908f7db1f19147e9e112.jpg
[2026-03-30 21:22:26] File Deleted FROM USB: E:\bookstore-master\protected\uploads\product-images\carte-blanche.jpg
[2026-03-30 21:22:26] File Deleted FROM USB: E:\bookstore-master\protected\uploads\product-images\cd2ad8159d4e8a917679820d457bea58ed801129.jpg
[2026-03-30 21:22:26] File Deleted FROM USB: E:\bookstore-master\protected\uploads\product-images\e38edea028359c66d3f57d0dc2c16e93c25ca2fd.jpg
[2026-03-30 21:22:26] File Deleted FROM USB: E:\bookstore-master\protected\uploads\product-images\eacf20a1321dc1907c2fe212ca54a09aab33ec74.jpg
[2026-03-30 21:22:26] File Deleted FROM USB: E:\bookstore-master\protected\uploads\product-images\full-black.jpg
[2026-03-30 21:22:26] File Deleted FROM USB: E:\bookstore-master\protected\uploads\product-images\stars.png
[2026-03-30 21:22:26] File Deleted FROM USB: E:\bookstore-master\protected\uploads\product-images\strange-case.jpg
[2026-03-30 21:22:26] File Deleted FROM USB: E:\bookstore-master\protected\uploads\product-images\the-affair.jpg
[2026-03-30 21:22:26] File Deleted FROM USB: E:\bookstore-master\protected\uploads\product-images\the-devils-elixir.jpg
[2026-03-30 21:22:26] File Deleted FROM USB: E:\bookstore-master\protected\uploads\product-images\the-kingdom.jpg
[2026-03-30 21:22:26] File Deleted FROM USB: E:\bookstore-master\protected\uploads\product-images\the-shepherd.jpg
[2026-03-30 21:22:26] File Deleted FROM USB: E:\bookstore-master\protected\uploads\product-images\the-third-gate.jpg
[2026-03-30 21:22:26] File Deleted FROM USB: E:\bookstore-master\protected\uploads\product-images\trader-of-secrets.jpg
[2026-03-30 21:22:26] File Deleted FROM USB: E:\bookstore-master\protected\uploads\product-images\water-for-elephants.jpg
[2026-03-30 21:22:26] File Deleted FROM USB: E:\bookstore-master\protected\views\admin\admin.author.php
[2026-03-30 21:22:26] File Deleted FROM USB: E:\bookstore-master\protected\views\admin\admin.authors.php
[2026-03-30 21:22:26] File Deleted FROM USB: E:\bookstore-master\protected\views\admin\admin.categories.php
[2026-03-30 21:22:26] File Deleted FROM USB: E:\bookstore-master\protected\views\admin\admin.category.php
[2026-03-30 21:22:26] File Deleted FROM USB: E:\bookstore-master\protected\views\admin\admin.categorybooks.php
[2026-03-30 21:22:26] File Deleted FROM USB: E:\bookstore-master\protected\views\admin\admin.customer.php
[2026-03-30 21:22:26] File Deleted FROM USB: E:\bookstore-master\protected\views\admin\admin.customerorders.php
[2026-03-30 21:22:26] File Deleted FROM USB: E:\bookstore-master\protected\views\admin\admin.customers.php
[2026-03-30 21:22:26] File Deleted FROM USB: E:\bookstore-master\protected\views\admin\admin.discount.php
[2026-03-30 21:22:26] File Deleted FROM USB: E:\bookstore-master\protected\views\admin\admin.footer.php
[2026-03-30 21:22:26] File Deleted FROM USB: E:\bookstore-master\protected\views\admin\admin.header.php
[2026-03-30 21:22:26] File Deleted FROM USB: E:\bookstore-master\protected\views\admin\admin.main.php
[2026-03-30 21:22:26] File Deleted FROM USB: E:\bookstore-master\protected\views\admin\admin.newauthor.php
[2026-03-30 21:22:26] File Deleted FROM USB: E:\bookstore-master\protected\views\admin\admin.newcategory.php
[2026-03-30 21:22:26] File Deleted FROM USB: E:\bookstore-master\protected\views\admin\admin.newdiscount.php
[2026-03-30 21:22:26] File Deleted FROM USB: E:\bookstore-master\protected\views\admin\admin.newproduct.php
[2026-03-30 21:22:26] File Deleted FROM USB: E:\bookstore-master\protected\views\admin\admin.newpublisher.php
[2026-03-30 21:22:26] File Deleted FROM USB: E:\bookstore-master\protected\views\admin\admin.order.php
[2026-03-30 21:22:26] File Deleted FROM USB: E:\bookstore-master\protected\views\admin\admin.orders.php
[2026-03-30 21:22:26] File Deleted FROM USB: E:\bookstore-master\protected\views\admin\admin.product.php
[2026-03-30 21:22:26] File Deleted FROM USB: E:\bookstore-master\protected\views\admin\admin.products.php
[2026-03-30 21:22:26] File Deleted FROM USB: E:\bookstore-master\protected\views\admin\admin.publisher.php
[2026-03-30 21:22:26] File Deleted FROM USB: E:\bookstore-master\protected\views\admin\admin.publishers.php
[2026-03-30 21:22:26] File Deleted FROM USB: E:\bookstore-master\protected\views\admin\admin.reports.php
[2026-03-30 21:22:26] File Deleted FROM USB: E:\bookstore-master\protected\views\admin\admin.review.php
[2026-03-30 21:22:26] File Deleted FROM USB: E:\bookstore-master\protected\views\admin\admin.reviews.php
[2026-03-30 21:22:26] File Deleted FROM USB: E:\bookstore-master\protected\views\admin\admin.settings.php
[2026-03-30 21:22:26] File Deleted FROM USB: E:\bookstore-master\protected\views\admin\admin.updateauthor.php
[2026-03-30 21:22:26] File Deleted FROM USB: E:\bookstore-master\protected\views\admin\admin.updatecategory.php
[2026-03-30 21:22:26] File Deleted FROM USB: E:\bookstore-master\protected\views\admin\admin.updatediscount.php
[2026-03-30 21:22:26] File Deleted FROM USB: E:\bookstore-master\protected\views\admin\admin.updateorder.php
[2026-03-30 21:22:26] File Deleted FROM USB: E:\bookstore-master\protected\views\admin\admin.updateproduct.php
[2026-03-30 21:22:26] File Deleted FROM USB: E:\bookstore-master\protected\views\admin\admin.updatepublisher.php
[2026-03-30 21:22:26] File Deleted FROM USB: E:\bookstore-master\protected\views\admin\admin.updatereview.php
[2026-03-30 21:22:26] File Deleted FROM USB: E:\bookstore-master\protected\views\admin\admin.updateuser.php
[2026-03-30 21:22:26] File Deleted FROM USB: E:\bookstore-master\protected\views\default\templates\account.order.php
[2026-03-30 21:22:26] File Deleted FROM USB: E:\bookstore-master\protected\views\default\templates\account.orders.php
[2026-03-30 21:22:26] File Deleted FROM USB: E:\bookstore-master\protected\views\default\templates\account.resetpass.php
[2026-03-30 21:22:26] File Deleted FROM USB: E:\bookstore-master\protected\views\default\templates\account.reviews.php
[2026-03-30 21:22:26] File Deleted FROM USB: E:\bookstore-master\protected\views\default\templates\account.settings.php
[2026-03-30 21:22:26] File Deleted FROM USB: E:\bookstore-master\protected\views\default\templates\account_nav.php
[2026-03-30 21:22:26] File Deleted FROM USB: E:\bookstore-master\protected\views\default\templates\footer.checkout.php
[2026-03-30 21:22:26] File Deleted FROM USB: E:\bookstore-master\protected\views\default\templates\footer.php
[2026-03-30 21:22:26] File Deleted FROM USB: E:\bookstore-master\protected\views\default\templates\header.checkout.php
[2026-03-30 21:22:26] File Deleted FROM USB: E:\bookstore-master\protected\views\default\templates\header.php
[2026-03-30 21:22:26] File Deleted FROM USB: E:\bookstore-master\protected\views\default\templates\main.about.php
[2026-03-30 21:22:26] File Deleted FROM USB: E:\bookstore-master\protected\views\default\templates\main.account.php
[2026-03-30 21:22:26] File Deleted FROM USB: E:\bookstore-master\protected\views\default\templates\main.author.php
[2026-03-30 21:22:26] File Deleted FROM USB: E:\bookstore-master\protected\views\default\templates\main.authors.php
[2026-03-30 21:22:26] File Deleted FROM USB: E:\bookstore-master\protected\views\default\templates\main.basket.php
[2026-03-30 21:22:26] File Deleted FROM USB: E:\bookstore-master\protected\views\default\templates\main.categories.php
[2026-03-30 21:22:26] File Deleted FROM USB: E:\bookstore-master\protected\views\default\templates\main.category.php
[2026-03-30 21:22:26] File Deleted FROM USB: E:\bookstore-master\protected\views\default\templates\main.confirm.php
[2026-03-30 21:22:26] File Deleted FROM USB: E:\bookstore-master\protected\views\default\templates\main.contact.php
[2026-03-30 21:22:26] File Deleted FROM USB: E:\bookstore-master\protected\views\default\templates\main.forgotpass.php
[2026-03-30 21:22:26] File Deleted FROM USB: E:\bookstore-master\protected\views\default\templates\main.login.php
[2026-03-30 21:22:26] File Deleted FROM USB: E:\bookstore-master\protected\views\default\templates\main.order.php
[2026-03-30 21:22:26] File Deleted FROM USB: E:\bookstore-master\protected\views\default\templates\main.php
[2026-03-30 21:22:26] File Deleted FROM USB: E:\bookstore-master\protected\views\default\templates\main.product.php
[2026-03-30 21:22:26] File Deleted FROM USB: E:\bookstore-master\protected\views\default\templates\main.products.php
[2026-03-30 21:22:26] File Deleted FROM USB: E:\bookstore-master\protected\views\default\templates\main.register.php
[2026-03-30 21:22:26] File Deleted FROM USB: E:\bookstore-master\protected\views\default\templates\main.resetpass.php
[2026-03-30 21:22:26] File Deleted FROM USB: E:\bookstore-master\protected\views\default\templates\main.review.php
[2026-03-30 21:22:26] File Deleted FROM USB: E:\bookstore-master\protected\views\default\templates\main.wish.php
[2026-03-30 21:22:26] File Deleted FROM USB: E:\bookstore-master\protected\views\default\templates\sidebar.author.php
[2026-03-30 21:22:26] File Deleted FROM USB: E:\bookstore-master\protected\views\default\templates\sidebar.php
[2026-03-30 21:22:26] File Deleted FROM USB: E:\bookstore-master\protected\views\default\templates\sidebar.product.php
[2026-03-30 21:22:26] File Deleted FROM USB: E:\bookstore-master\protected\views\default\templates\sidebar.review.php
[2026-03-30 21:22:26] File Deleted FROM USB: E:\bookstore-master\public\css\style.css
[2026-03-30 21:22:26] File Deleted FROM USB: E:\bookstore-master\public\css\images\best-price.png
[2026-03-30 21:22:26] File Deleted FROM USB: E:\bookstore-master\public\css\images\best-sellers-directions.png
[2026-03-30 21:22:26] File Deleted FROM USB: E:\bookstore-master\public\css\images\body.png
[2026-03-30 21:22:26] File Deleted FROM USB: E:\bookstore-master\public\css\images\books.png
[2026-03-30 21:22:26] File Deleted FROM USB: E:\bookstore-master\public\css\images\buy-btn.png
[2026-03-30 21:22:26] File Deleted FROM USB: E:\bookstore-master\public\css\images\captcha.png
[2026-03-30 21:22:26] File Deleted FROM USB: E:\bookstore-master\public\css\images\captcha2.JPG
[2026-03-30 21:22:26] File Deleted FROM USB: E:\bookstore-master\public\css\images\cart-icon.png
[2026-03-30 21:22:26] File Deleted FROM USB: E:\bookstore-master\public\css\images\cart.png
[2026-03-30 21:22:26] File Deleted FROM USB: E:\bookstore-master\public\css\images\disabled.png
[2026-03-30 21:22:26] File Deleted FROM USB: E:\bookstore-master\public\css\images\enabled.png
[2026-03-30 21:22:26] File Deleted FROM USB: E:\bookstore-master\public\css\images\error_cross.gif
[2026-03-30 21:22:26] File Deleted FROM USB: E:\bookstore-master\public\css\images\favicon.ico
[2026-03-30 21:22:26] File Deleted FROM USB: E:\bookstore-master\public\css\images\footer-bg.png
[2026-03-30 21:22:26] File Deleted FROM USB: E:\bookstore-master\public\css\images\footer-top.png
[2026-03-30 21:22:26] File Deleted FROM USB: E:\bookstore-master\public\css\images\footer.png
[2026-03-30 21:22:26] File Deleted FROM USB: E:\bookstore-master\public\css\images\list-image.png
[2026-03-30 21:22:26] File Deleted FROM USB: E:\bookstore-master\public\css\images\logo.png
[2026-03-30 21:22:26] File Deleted FROM USB: E:\bookstore-master\public\css\images\price.png
[2026-03-30 21:22:26] File Deleted FROM USB: E:\bookstore-master\public\css\images\product-hover.png
[2026-03-30 21:22:26] File Deleted FROM USB: E:\bookstore-master\public\css\images\rate_stars.png
[2026-03-30 21:22:26] File Deleted FROM USB: E:\bookstore-master\public\css\images\required_star.gif
[2026-03-30 21:22:26] File Deleted FROM USB: E:\bookstore-master\public\css\images\shell.png
[2026-03-30 21:22:26] File Deleted FROM USB: E:\bookstore-master\public\css\images\slider-bg.png
[2026-03-30 21:22:26] File Deleted FROM USB: E:\bookstore-master\public\css\images\slider-btn.png
[2026-03-30 21:22:26] File Deleted FROM USB: E:\bookstore-master\public\css\images\slider-directions.png
[2026-03-30 21:22:26] File Deleted FROM USB: E:\bookstore-master\public\css\images\slider-nav.png
[2026-03-30 21:22:26] File Deleted FROM USB: E:\bookstore-master\public\css\images\slider.png
[2026-03-30 21:22:26] File Deleted FROM USB: E:\bookstore-master\public\css\images\star-yellow.png
[2026-03-30 21:22:26] File Deleted FROM USB: E:\bookstore-master\public\css\images\stars.png
[2026-03-30 21:22:26] File Deleted FROM USB: E:\bookstore-master\public\css\images\star_grey.png
[2026-03-30 21:22:26] File Deleted FROM USB: E:\bookstore-master\public\css\images\submit-btn.png
[2026-03-30 21:22:26] File Deleted FROM USB: E:\bookstore-master\public\css\images\trash.png
[2026-03-30 21:22:26] File Deleted FROM USB: E:\bookstore-master\public\css\images\wish_list.png
[2026-03-30 21:22:26] File Deleted FROM USB: E:\bookstore-master\public\js\functions.js
[2026-03-30 21:22:26] File Deleted FROM USB: E:\bookstore-master\public\js\jquery-1.6.2.min.js
[2026-03-30 21:22:26] File Deleted FROM USB: E:\bookstore-master\public\js\jquery.jcarousel.min.js
[2026-03-30 21:22:26] File Deleted FROM USB: E:\bookstore-master\public\js\png-fix.js
[2026-03-30 21:22:26] File Deleted FROM USB: E:\data_files\Aacorlib.min.js.download
[2026-03-30 21:22:26] File Deleted FROM USB: E:\data_files\appChrome.min.js.download
[2026-03-30 21:22:26] File Deleted FROM USB: E:\data_files\appChromeLazy.min.js.download
[2026-03-30 21:22:26] File Deleted FROM USB: E:\data_files\aria-051933ee.js.download
[2026-03-30 21:22:26] File Deleted FROM USB: E:\data_files\aria-2.5.0.min.js.download
[2026-03-30 21:22:26] File Deleted FROM USB: E:\data_files\clientstring(1).mvc
[2026-03-30 21:22:26] File Deleted FROM USB: E:\data_files\clientstring.mvc
[2026-03-30 21:22:26] File Deleted FROM USB: E:\data_files\clipboardPlatform.min.js.download
[2026-03-30 21:22:26] File Deleted FROM USB: E:\data_files\common.min.js.download
[2026-03-30 21:22:26] File Deleted FROM USB: E:\data_files\common50.min.js.download
[2026-03-30 21:22:26] File Deleted FROM USB: E:\data_files\copyPasteInfra.min.js.download
[2026-03-30 21:22:26] File Deleted FROM USB: E:\data_files\dime.js.download
[2026-03-30 21:22:26] File Deleted FROM USB: E:\data_files\Ewa.acc.js.download
[2026-03-30 21:22:26] File Deleted FROM USB: E:\data_files\Ewa.agave.js.download
[2026-03-30 21:22:26] File Deleted FROM USB: E:\data_files\Ewa.calc.js.download
[2026-03-30 21:22:26] File Deleted FROM USB: E:\data_files\Ewa.CommonIntl.js.download
[2026-03-30 21:22:26] File Deleted FROM USB: E:\data_files\Ewa.commonui.js.download
[2026-03-30 21:22:26] File Deleted FROM USB: E:\data_files\Ewa.cuixas.js.download
[2026-03-30 21:22:26] File Deleted FROM USB: E:\data_files\Ewa.js.download
[2026-03-30 21:22:26] File Deleted FROM USB: E:\data_files\Ewa.kffa.js.download
[2026-03-30 21:22:26] File Deleted FROM USB: E:\data_files\Ewa.kmhv.js.download
[2026-03-30 21:22:26] File Deleted FROM USB: E:\data_files\Ewa.kpae.js.download
[2026-03-30 21:22:26] File Deleted FROM USB: E:\data_files\Ewa.le.js.download
[2026-03-30 21:22:26] File Deleted FROM USB: E:\data_files\Ewa.oauth.js.download
[2026-03-30 21:22:26] File Deleted FROM USB: E:\data_files\Ewa.pi.js.download
[2026-03-30 21:22:26] File Deleted FROM USB: E:\data_files\Ewa.Ribbon.js.download
[2026-03-30 21:22:26] File Deleted FROM USB: E:\data_files\Ewa.rn.js.download
[2026-03-30 21:22:26] File Deleted FROM USB: E:\data_files\Ewa.savestatus.js.download
[2026-03-30 21:22:26] File Deleted FROM USB: E:\data_files\Ewa.StatusBar.js.download
[2026-03-30 21:22:26] File Deleted FROM USB: E:\data_files\Ewa.Strings.Wac.js.download
[2026-03-30 21:22:26] File Deleted FROM USB: E:\data_files\Ewa.tlv.js.download
[2026-03-30 21:22:26] File Deleted FROM USB: E:\data_files\Ewa.tm.js.download
[2026-03-30 21:22:26] File Deleted FROM USB: E:\data_files\Ewa.tmcore.js.download
[2026-03-30 21:22:26] File Deleted FROM USB: E:\data_files\Ewa.tp.js.download
[2026-03-30 21:22:26] File Deleted FROM USB: E:\data_files\Ewa.zoom.js.download
[2026-03-30 21:22:26] File Deleted FROM USB: E:\data_files\EwaCommon.png
[2026-03-30 21:22:26] File Deleted FROM USB: E:\data_files\EwaEdit_m2.png
[2026-03-30 21:22:26] File Deleted FROM USB: E:\data_files\EwaNov.png
[2026-03-30 21:22:26] File Deleted FROM USB: E:\data_files\EwaOther_m2.png
[2026-03-30 21:22:26] File Deleted FROM USB: E:\data_files\EwrDefault.css
[2026-03-30 21:22:26] File Deleted FROM USB: E:\data_files\EwrNov.css
[2026-03-30 21:22:26] File Deleted FROM USB: E:\data_files\excel-app-intl.min.js.download
[2026-03-30 21:22:26] File Deleted FROM USB: E:\data_files\excel-boot.min.js.download
[2026-03-30 21:22:26] File Deleted FROM USB: E:\data_files\excel-ribbon-sprite-lazy.min.js.download
[2026-03-30 21:22:26] File Deleted FROM USB: E:\data_files\excel-uiSlice20-sprite.min.js.download
[2026-03-30 21:22:26] File Deleted FROM USB: E:\data_files\excelframe.css
[2026-03-30 21:22:26] File Deleted FROM USB: E:\data_files\excelOnline.min.js.download
[2026-03-30 21:22:26] File Deleted FROM USB: E:\data_files\excelOnlineCalcStable.min.js.download
[2026-03-30 21:22:26] File Deleted FROM USB: E:\data_files\filesbucket3-5286f09d.css
[2026-03-30 21:22:26] File Deleted FROM USB: E:\data_files\filescss1-11eb1969.css
[2026-03-30 21:22:26] File Deleted FROM USB: E:\data_files\filescss2-7859787f.css
[2026-03-30 21:22:26] File Deleted FROM USB: E:\data_files\gridRenderer.min.js.download
[2026-03-30 21:22:26] File Deleted FROM USB: E:\data_files\hammer.min.js.download
[2026-03-30 21:22:26] File Deleted FROM USB: E:\data_files\invis.gif
[2026-03-30 21:22:26] File Deleted FROM USB: E:\data_files\jquery-1.7.2-39eeb07e.js.download
[2026-03-30 21:22:26] File Deleted FROM USB: E:\data_files\jquery-1.7.2.min.js.download
[2026-03-30 21:22:26] File Deleted FROM USB: E:\data_files\jsll-4.js.download
[2026-03-30 21:22:26] File Deleted FROM USB: E:\data_files\kashipara.com.png
[2026-03-30 21:22:26] File Deleted FROM USB: E:\data_files\login(1).html
[2026-03-30 21:22:26] File Deleted FROM USB: E:\data_files\login.html
[2026-03-30 21:22:26] File Deleted FROM USB: E:\data_files\maincss-3d633429.css
[2026-03-30 21:22:26] File Deleted FROM USB: E:\data_files\makerstorage.js.download
[2026-03-30 21:22:26] File Deleted FROM USB: E:\data_files\numfmtcalc.min.js.download
[2026-03-30 21:22:26] File Deleted FROM USB: E:\data_files\odcbasepage-a3cc5ecf.js.download
[2026-03-30 21:22:26] File Deleted FROM USB: E:\data_files\odcbasepage.resx-5943df08.js.download
[2026-03-30 21:22:26] File Deleted FROM USB: E:\data_files\odccommandbar-1e1f93b6.js.download
[2026-03-30 21:22:26] File Deleted FROM USB: E:\data_files\odcdeferred-0283d1fa.js.download
[2026-03-30 21:22:26] File Deleted FROM USB: E:\data_files\odcdeferred.resx-623be2da.js.download
[2026-03-30 21:22:26] File Deleted FROM USB: E:\data_files\odcdeferredcontrols-f04c61e1.js.download
[2026-03-30 21:22:26] File Deleted FROM USB: E:\data_files\odcdeferredcontrols.resx-e23219fa.js.download
[2026-03-30 21:22:26] File Deleted FROM USB: E:\data_files\odcexecutors-d807b78a.js.download
[2026-03-30 21:22:26] File Deleted FROM USB: E:\data_files\odcexecutors.resx-d259272d.js.download
[2026-03-30 21:22:26] File Deleted FROM USB: E:\data_files\odcextended-f50fd726.js.download
[2026-03-30 21:22:26] File Deleted FROM USB: E:\data_files\odcextended.resx-300adfb0.js.download
[2026-03-30 21:22:26] File Deleted FROM USB: E:\data_files\odcfabric1-a930a7d4.js.download
[2026-03-30 21:22:26] File Deleted FROM USB: E:\data_files\odcfilepicker-72ec02e5.js.download
[2026-03-30 21:22:26] File Deleted FROM USB: E:\data_files\odcfilepicker.resx-cdd86b41.js.download
[2026-03-30 21:22:26] File Deleted FROM USB: E:\data_files\odcfiles-6c5e3048.js.download
[2026-03-30 21:22:26] File Deleted FROM USB: E:\data_files\odcfiles.resx-12675fb2.js.download
[2026-03-30 21:22:26] File Deleted FROM USB: E:\data_files\odcfirstrun-c7721373.js.download
[2026-03-30 21:22:26] File Deleted FROM USB: E:\data_files\odcfirstrun.resx-1fcc05e5.js.download
[2026-03-30 21:22:26] File Deleted FROM USB: E:\data_files\odcfloodgate-fa0f266d.js.download
[2026-03-30 21:22:26] File Deleted FROM USB: E:\data_files\odcfloodgate.resx-4b2a8386.js.download
[2026-03-30 21:22:26] File Deleted FROM USB: E:\data_files\odcitemsscope-194f2b3f.js.download
[2026-03-30 21:22:26] File Deleted FROM USB: E:\data_files\odcitemsscopedeferred-1b56893d.js.download
[2026-03-30 21:22:26] File Deleted FROM USB: E:\data_files\odcitemvideoplayer-8ea0750f.js.download
[2026-03-30 21:22:26] File Deleted FROM USB: E:\data_files\odconedrive-c3e825c3.js.download
[2026-03-30 21:22:26] File Deleted FROM USB: E:\data_files\odconedrive.resx-5722dfbd.js.download
[2026-03-30 21:22:26] File Deleted FROM USB: E:\data_files\odconedriveapp-2583bc4e.js.download
[2026-03-30 21:22:26] File Deleted FROM USB: E:\data_files\odconedriveapp.resx-390f77c5.js.download
[2026-03-30 21:22:26] File Deleted FROM USB: E:\data_files\odconedriveprefetch-ee1a5c36.js.download
[2026-03-30 21:22:26] File Deleted FROM USB: E:\data_files\odconedriveprefetch.resx-a48978bc.js.download
[2026-03-30 21:22:26] File Deleted FROM USB: E:\data_files\odconeup-356699f7.js.download
[2026-03-30 21:22:26] File Deleted FROM USB: E:\data_files\odcphotos-ff96afbf.js.download
[2026-03-30 21:22:26] File Deleted FROM USB: E:\data_files\odcphotos.resx-3c152a68.js.download
[2026-03-30 21:22:26] File Deleted FROM USB: E:\data_files\odcphotositemsscope-5520909c.js.download
[2026-03-30 21:22:26] File Deleted FROM USB: E:\data_files\odcphotositemsscope.resx-6c501376.js.download
[2026-03-30 21:22:26] File Deleted FROM USB: E:\data_files\odcpushchannel-387a7aba.js.download
[2026-03-30 21:22:26] File Deleted FROM USB: E:\data_files\odcquota-c9744d9c.js.download
[2026-03-30 21:22:26] File Deleted FROM USB: E:\data_files\odcquota.resx-e29e1f3a.js.download
[2026-03-30 21:22:26] File Deleted FROM USB: E:\data_files\odcransomwaredetection-574af955.js.download
[2026-03-30 21:22:26] File Deleted FROM USB: E:\data_files\odcreactcontrols-eaaa1f4e.js.download
[2026-03-30 21:22:26] File Deleted FROM USB: E:\data_files\odcrestore-de643bfb.js.download
[2026-03-30 21:22:26] File Deleted FROM USB: E:\data_files\odcstorageinfo-9c13b03c.js.download
[2026-03-30 21:22:26] File Deleted FROM USB: E:\data_files\odcstorageinfo.resx-2c226062.js.download
[2026-03-30 21:22:26] File Deleted FROM USB: E:\data_files\odcstorageoptions-45b8bb3a.js.download
[2026-03-30 21:22:26] File Deleted FROM USB: E:\data_files\odcstorageoptions.resx-56f8bdea.js.download
[2026-03-30 21:22:26] File Deleted FROM USB: E:\data_files\odcsynconboarding-44a8163a.js.download
[2026-03-30 21:22:26] File Deleted FROM USB: E:\data_files\officebrowserfeedback(1).css
[2026-03-30 21:22:26] File Deleted FROM USB: E:\data_files\officebrowserfeedback.css
[2026-03-30 21:22:26] File Deleted FROM USB: E:\data_files\officebrowserfeedbackstrings.js(1).download
[2026-03-30 21:22:26] File Deleted FROM USB: E:\data_files\officebrowserfeedbackstrings.js.download
[2026-03-30 21:22:26] File Deleted FROM USB: E:\data_files\officebrowserfeedback_floodgate.js.download
[2026-03-30 21:22:26] File Deleted FROM USB: E:\data_files\onedrive-font-face-definitions.css
[2026-03-30 21:22:26] File Deleted FROM USB: E:\data_files\onedrivelogolight.png
[2026-03-30 21:22:26] File Deleted FROM USB: E:\data_files\otelFull.min.js.download
[2026-03-30 21:22:26] File Deleted FROM USB: E:\data_files\proxy.html
[2026-03-30 21:22:26] File Deleted FROM USB: E:\data_files\qinterview_logo.png
[2026-03-30 21:22:26] File Deleted FROM USB: E:\data_files\reactandknockout-510104e8.js.download
[2026-03-30 21:22:26] File Deleted FROM USB: E:\data_files\runtime.min.js.download
[2026-03-30 21:22:26] File Deleted FROM USB: E:\data_files\saved_resource(1).html
[2026-03-30 21:22:26] File Deleted FROM USB: E:\data_files\saved_resource(2).html
[2026-03-30 21:22:26] File Deleted FROM USB: E:\data_files\saved_resource.html
[2026-03-30 21:22:26] File Deleted FROM USB: E:\data_files\shared.html
[2026-03-30 21:22:26] File Deleted FROM USB: E:\data_files\sharedclipboard.min.js.download
[2026-03-30 21:22:26] File Deleted FROM USB: E:\data_files\sm-bg.svg
[2026-03-30 21:22:26] File Deleted FROM USB: E:\data_files\sm-fg-media.svg
[2026-03-30 21:22:26] File Deleted FROM USB: E:\data_files\sm-fg.svg
[2026-03-30 21:22:26] File Deleted FROM USB: E:\data_files\t.js.download
[2026-03-30 21:22:26] File Deleted FROM USB: E:\data_files\uiFabricLazy.min.js.download
[2026-03-30 21:22:26] File Deleted FROM USB: E:\data_files\uiSlice20.min.js.download
[2026-03-30 21:22:26] File Deleted FROM USB: E:\data_files\wac0-82320d2a.js.download
[2026-03-30 21:22:26] File Deleted FROM USB: E:\data_files\wac1-cdc297b4.js.download
[2026-03-30 21:22:26] File Deleted FROM USB: E:\data_files\wac2-34e3e925.js.download
[2026-03-30 21:22:26] File Deleted FROM USB: E:\data_files\wac_s_office-2f03ce8e.js.download
[2026-03-30 21:22:26] File Deleted FROM USB: E:\data_files\wl.ms.js.download
[2026-03-30 21:22:26] File Deleted FROM USB: E:\data_files\wl.skydrivepicker.js.download
[2026-03-30 21:22:26] File Deleted FROM USB: E:\data_files\xmlProxy(1).html
[2026-03-30 21:22:26] File Deleted FROM USB: E:\data_files\xmlProxy(2).html
[2026-03-30 21:22:26] File Deleted FROM USB: E:\data_files\xmlProxy(3).html
[2026-03-30 21:22:26] File Deleted FROM USB: E:\data_files\xmlProxy.html
[2026-03-30 21:22:26] File Deleted FROM USB: E:\data_files\xmlproxy.js.download
[2026-03-30 21:22:26] File Deleted FROM USB: E:\include\glad\glad.h
[2026-03-30 21:22:26] File Deleted FROM USB: E:\include\KHR\khrplatform.h
[2026-03-30 21:22:26] File Deleted FROM USB: E:\Introduction-to-Data-Science-in-python-master\.Rhistory
[2026-03-30 21:22:26] File Deleted FROM USB: E:\Introduction-to-Data-Science-in-python-master\Assignment+2.ipynb
[2026-03-30 21:22:26] File Deleted FROM USB: E:\Introduction-to-Data-Science-in-python-master\Assignment+3 .ipynb
[2026-03-30 21:22:26] File Deleted FROM USB: E:\Introduction-to-Data-Science-in-python-master\Assignment+4.ipynb
[2026-03-30 21:22:26] File Deleted FROM USB: E:\Introduction-to-Data-Science-in-python-master\cars.csv
[2026-03-30 21:22:26] File Deleted FROM USB: E:\Introduction-to-Data-Science-in-python-master\census.csv
[2026-03-30 21:22:26] File Deleted FROM USB: E:\Introduction-to-Data-Science-in-python-master\City_Zhvi_AllHomes.csv
[2026-03-30 21:22:26] File Deleted FROM USB: E:\Introduction-to-Data-Science-in-python-master\Energy Indicators.xls
[2026-03-30 21:22:26] File Deleted FROM USB: E:\Introduction-to-Data-Science-in-python-master\gdplev.xls
[2026-03-30 21:22:26] File Deleted FROM USB: E:\Introduction-to-Data-Science-in-python-master\grades.csv
[2026-03-30 21:22:26] File Deleted FROM USB: E:\Introduction-to-Data-Science-in-python-master\log.csv
[2026-03-30 21:22:26] File Deleted FROM USB: E:\Introduction-to-Data-Science-in-python-master\log.txt
[2026-03-30 21:22:26] File Deleted FROM USB: E:\Introduction-to-Data-Science-in-python-master\mpg.csv
[2026-03-30 21:22:26] File Deleted FROM USB: E:\Introduction-to-Data-Science-in-python-master\olympics.csv
[2026-03-30 21:22:26] File Deleted FROM USB: E:\Introduction-to-Data-Science-in-python-master\README.md
[2026-03-30 21:22:26] File Deleted FROM USB: E:\Introduction-to-Data-Science-in-python-master\requirements.txt
[2026-03-30 21:22:26] File Deleted FROM USB: E:\Introduction-to-Data-Science-in-python-master\scimagojr-3.xlsx
[2026-03-30 21:22:26] File Deleted FROM USB: E:\Introduction-to-Data-Science-in-python-master\university_towns.txt
[2026-03-30 21:22:26] File Deleted FROM USB: E:\Introduction-to-Data-Science-in-python-master\Week+1.ipynb
[2026-03-30 21:22:26] File Deleted FROM USB: E:\Introduction-to-Data-Science-in-python-master\Week+2.ipynb
[2026-03-30 21:22:26] File Deleted FROM USB: E:\Introduction-to-Data-Science-in-python-master\Week+3.ipynb
[2026-03-30 21:22:26] File Deleted FROM USB: E:\Introduction-to-Data-Science-in-python-master\Week+4.ipynb
[2026-03-30 21:22:26] File Deleted FROM USB: E:\Introduction-to-Data-Science-in-python-master\world_bank.csv
[2026-03-30 21:22:26] File Deleted FROM USB: E:\Introduction-to-Data-Science-in-python-master\.ipynb_checkpoints\Assignment+2-checkpoint.ipynb
[2026-03-30 21:22:26] File Deleted FROM USB: E:\Introduction-to-Data-Science-in-python-master\.ipynb_checkpoints\Assignment+3 -checkpoint.ipynb
[2026-03-30 21:22:26] File Deleted FROM USB: E:\Introduction-to-Data-Science-in-python-master\.ipynb_checkpoints\Assignment+4-checkpoint.ipynb
[2026-03-30 21:22:26] File Deleted FROM USB: E:\Introduction-to-Data-Science-in-python-master\.ipynb_checkpoints\Week+1-checkpoint.ipynb
[2026-03-30 21:22:26] File Deleted FROM USB: E:\Introduction-to-Data-Science-in-python-master\.ipynb_checkpoints\Week+2-checkpoint.ipynb
[2026-03-30 21:22:26] File Deleted FROM USB: E:\Introduction-to-Data-Science-in-python-master\.ipynb_checkpoints\Week+3-checkpoint.ipynb
[2026-03-30 21:22:26] File Deleted FROM USB: E:\Introduction-to-Data-Science-in-python-master\.ipynb_checkpoints\Week+4-checkpoint.ipynb
[2026-03-30 21:22:26] File Deleted FROM USB: E:\labelImg-master\.gitignore
[2026-03-30 21:22:26] File Deleted FROM USB: E:\labelImg-master\.travis.yml
[2026-03-30 21:22:26] File Deleted FROM USB: E:\labelImg-master\CONTRIBUTING.rst
[2026-03-30 21:22:26] File Deleted FROM USB: E:\labelImg-master\HISTORY.rst
[2026-03-30 21:22:26] File Deleted FROM USB: E:\labelImg-master\issue_template.md
[2026-03-30 21:22:26] File Deleted FROM USB: E:\labelImg-master\labelImg.py
[2026-03-30 21:22:26] File Deleted FROM USB: E:\labelImg-master\LICENSE
[2026-03-30 21:22:26] File Deleted FROM USB: E:\labelImg-master\Makefile
[2026-03-30 21:22:26] File Deleted FROM USB: E:\labelImg-master\MANIFEST.in
[2026-03-30 21:22:26] File Deleted FROM USB: E:\labelImg-master\README.rst
[2026-03-30 21:22:26] File Deleted FROM USB: E:\labelImg-master\resources.qrc
[2026-03-30 21:22:26] File Deleted FROM USB: E:\labelImg-master\setup.cfg
[2026-03-30 21:22:26] File Deleted FROM USB: E:\labelImg-master\setup.py
[2026-03-30 21:22:26] File Deleted FROM USB: E:\labelImg-master\__init__.py
[2026-03-30 21:22:26] File Deleted FROM USB: E:\labelImg-master\.github\no-response.yml
[2026-03-30 21:22:26] File Deleted FROM USB: E:\labelImg-master\build-tools\.gitignore
[2026-03-30 21:22:26] File Deleted FROM USB: E:\labelImg-master\build-tools\build-for-macos.sh
[2026-03-30 21:22:26] File Deleted FROM USB: E:\labelImg-master\build-tools\build-for-pypi.sh
[2026-03-30 21:22:26] File Deleted FROM USB: E:\labelImg-master\build-tools\build-ubuntu-binary.sh
[2026-03-30 21:22:26] File Deleted FROM USB: E:\labelImg-master\build-tools\build-windows-binary.sh
[2026-03-30 21:22:26] File Deleted FROM USB: E:\labelImg-master\build-tools\envsetup.sh
[2026-03-30 21:22:26] File Deleted FROM USB: E:\labelImg-master\build-tools\README.md
[2026-03-30 21:22:26] File Deleted FROM USB: E:\labelImg-master\build-tools\run-in-container.sh
[2026-03-30 21:22:26] File Deleted FROM USB: E:\labelImg-master\data\predefined_classes.txt
[2026-03-30 21:22:26] File Deleted FROM USB: E:\labelImg-master\demo\demo.jpg
[2026-03-30 21:22:26] File Deleted FROM USB: E:\labelImg-master\demo\demo3.jpg
[2026-03-30 21:22:26] File Deleted FROM USB: E:\labelImg-master\demo\demo4.png
[2026-03-30 21:22:26] File Deleted FROM USB: E:\labelImg-master\demo\demo5.png
[2026-03-30 21:22:26] File Deleted FROM USB: E:\labelImg-master\libs\canvas.py
[2026-03-30 21:22:26] File Deleted FROM USB: E:\labelImg-master\libs\colorDialog.py
[2026-03-30 21:22:26] File Deleted FROM USB: E:\labelImg-master\libs\combobox.py
[2026-03-30 21:22:26] File Deleted FROM USB: E:\labelImg-master\libs\constants.py
[2026-03-30 21:22:26] File Deleted FROM USB: E:\labelImg-master\libs\create_ml_io.py
[2026-03-30 21:22:26] File Deleted FROM USB: E:\labelImg-master\libs\hashableQListWidgetItem.py
[2026-03-30 21:22:26] File Deleted FROM USB: E:\labelImg-master\libs\labelDialog.py
[2026-03-30 21:22:26] File Deleted FROM USB: E:\labelImg-master\libs\labelFile.py
[2026-03-30 21:22:26] File Deleted FROM USB: E:\labelImg-master\libs\pascal_voc_io.py
[2026-03-30 21:22:26] File Deleted FROM USB: E:\labelImg-master\libs\resources.py
[2026-03-30 21:22:26] File Deleted FROM USB: E:\labelImg-master\libs\settings.py
[2026-03-30 21:22:26] File Deleted FROM USB: E:\labelImg-master\libs\shape.py
[2026-03-30 21:22:26] File Deleted FROM USB: E:\labelImg-master\libs\stringBundle.py
[2026-03-30 21:22:26] File Deleted FROM USB: E:\labelImg-master\libs\toolBar.py
[2026-03-30 21:22:26] File Deleted FROM USB: E:\labelImg-master\libs\ustr.py
[2026-03-30 21:22:26] File Deleted FROM USB: E:\labelImg-master\libs\utils.py
[2026-03-30 21:22:26] File Deleted FROM USB: E:\labelImg-master\libs\yolo_io.py
[2026-03-30 21:22:26] File Deleted FROM USB: E:\labelImg-master\libs\zoomWidget.py
[2026-03-30 21:22:26] File Deleted FROM USB: E:\labelImg-master\libs\__init__.py
[2026-03-30 21:22:26] File Deleted FROM USB: E:\labelImg-master\libs\__pycache__\canvas.cpython-38.pyc
[2026-03-30 21:22:26] File Deleted FROM USB: E:\labelImg-master\libs\__pycache__\colorDialog.cpython-38.pyc
[2026-03-30 21:22:26] File Deleted FROM USB: E:\labelImg-master\libs\__pycache__\combobox.cpython-38.pyc
[2026-03-30 21:22:26] File Deleted FROM USB: E:\labelImg-master\libs\__pycache__\constants.cpython-38.pyc
[2026-03-30 21:22:26] File Deleted FROM USB: E:\labelImg-master\libs\__pycache__\create_ml_io.cpython-38.pyc
[2026-03-30 21:22:26] File Deleted FROM USB: E:\labelImg-master\libs\__pycache__\hashableQListWidgetItem.cpython-38.pyc
[2026-03-30 21:22:26] File Deleted FROM USB: E:\labelImg-master\libs\__pycache__\labelDialog.cpython-38.pyc
[2026-03-30 21:22:26] File Deleted FROM USB: E:\labelImg-master\libs\__pycache__\labelFile.cpython-38.pyc
[2026-03-30 21:22:26] File Deleted FROM USB: E:\labelImg-master\libs\__pycache__\pascal_voc_io.cpython-38.pyc
[2026-03-30 21:22:26] File Deleted FROM USB: E:\labelImg-master\libs\__pycache__\resources.cpython-38.pyc
[2026-03-30 21:22:26] File Deleted FROM USB: E:\labelImg-master\libs\__pycache__\settings.cpython-38.pyc
[2026-03-30 21:22:26] File Deleted FROM USB: E:\labelImg-master\libs\__pycache__\shape.cpython-38.pyc
[2026-03-30 21:22:26] File Deleted FROM USB: E:\labelImg-master\libs\__pycache__\stringBundle.cpython-38.pyc
[2026-03-30 21:22:26] File Deleted FROM USB: E:\labelImg-master\libs\__pycache__\toolBar.cpython-38.pyc
[2026-03-30 21:22:26] File Deleted FROM USB: E:\labelImg-master\libs\__pycache__\ustr.cpython-38.pyc
[2026-03-30 21:22:26] File Deleted FROM USB: E:\labelImg-master\libs\__pycache__\utils.cpython-38.pyc
[2026-03-30 21:22:26] File Deleted FROM USB: E:\labelImg-master\libs\__pycache__\yolo_io.cpython-38.pyc
[2026-03-30 21:22:26] File Deleted FROM USB: E:\labelImg-master\libs\__pycache__\zoomWidget.cpython-38.pyc
[2026-03-30 21:22:26] File Deleted FROM USB: E:\labelImg-master\libs\__pycache__\__init__.cpython-38.pyc
[2026-03-30 21:22:26] File Deleted FROM USB: E:\labelImg-master\readme\README.jp.rst
[2026-03-30 21:22:26] File Deleted FROM USB: E:\labelImg-master\readme\README.zh.rst
[2026-03-30 21:22:26] File Deleted FROM USB: E:\labelImg-master\requirements\requirements-linux-python3.txt
[2026-03-30 21:22:26] File Deleted FROM USB: E:\labelImg-master\resources\icons\app.icns
[2026-03-30 21:22:26] File Deleted FROM USB: E:\labelImg-master\resources\icons\app.png
[2026-03-30 21:22:26] File Deleted FROM USB: E:\labelImg-master\resources\icons\app.svg
[2026-03-30 21:22:26] File Deleted FROM USB: E:\labelImg-master\resources\icons\cancel.png
[2026-03-30 21:22:26] File Deleted FROM USB: E:\labelImg-master\resources\icons\close.png
[2026-03-30 21:22:26] File Deleted FROM USB: E:\labelImg-master\resources\icons\color.png
[2026-03-30 21:22:26] File Deleted FROM USB: E:\labelImg-master\resources\icons\color_line.png
[2026-03-30 21:22:26] File Deleted FROM USB: E:\labelImg-master\resources\icons\copy.png
[2026-03-30 21:22:26] File Deleted FROM USB: E:\labelImg-master\resources\icons\delete.png
[2026-03-30 21:22:26] File Deleted FROM USB: E:\labelImg-master\resources\icons\done.png
[2026-03-30 21:22:26] File Deleted FROM USB: E:\labelImg-master\resources\icons\done.svg
[2026-03-30 21:22:26] File Deleted FROM USB: E:\labelImg-master\resources\icons\edit.png
[2026-03-30 21:22:26] File Deleted FROM USB: E:\labelImg-master\resources\icons\expert1.png
[2026-03-30 21:22:26] File Deleted FROM USB: E:\labelImg-master\resources\icons\expert2.png
[2026-03-30 21:22:26] File Deleted FROM USB: E:\labelImg-master\resources\icons\eye.png
[2026-03-30 21:22:26] File Deleted FROM USB: E:\labelImg-master\resources\icons\feBlend-icon.png
[2026-03-30 21:22:26] File Deleted FROM USB: E:\labelImg-master\resources\icons\file.png
[2026-03-30 21:22:26] File Deleted FROM USB: E:\labelImg-master\resources\icons\fit-width.png
[2026-03-30 21:22:26] File Deleted FROM USB: E:\labelImg-master\resources\icons\fit-window.png
[2026-03-30 21:22:26] File Deleted FROM USB: E:\labelImg-master\resources\icons\fit.png
[2026-03-30 21:22:26] File Deleted FROM USB: E:\labelImg-master\resources\icons\format_createml.png
[2026-03-30 21:22:26] File Deleted FROM USB: E:\labelImg-master\resources\icons\format_voc.png
[2026-03-30 21:22:26] File Deleted FROM USB: E:\labelImg-master\resources\icons\format_yolo.png
[2026-03-30 21:22:26] File Deleted FROM USB: E:\labelImg-master\resources\icons\help.png
[2026-03-30 21:22:26] File Deleted FROM USB: E:\labelImg-master\resources\icons\labels.png
[2026-03-30 21:22:26] File Deleted FROM USB: E:\labelImg-master\resources\icons\labels.svg
[2026-03-30 21:22:26] File Deleted FROM USB: E:\labelImg-master\resources\icons\new.png
[2026-03-30 21:22:26] File Deleted FROM USB: E:\labelImg-master\resources\icons\next.png
[2026-03-30 21:22:26] File Deleted FROM USB: E:\labelImg-master\resources\icons\objects.png
[2026-03-30 21:22:26] File Deleted FROM USB: E:\labelImg-master\resources\icons\open.png
[2026-03-30 21:22:26] File Deleted FROM USB: E:\labelImg-master\resources\icons\open.svg
[2026-03-30 21:22:26] File Deleted FROM USB: E:\labelImg-master\resources\icons\prev.png
[2026-03-30 21:22:26] File Deleted FROM USB: E:\labelImg-master\resources\icons\quit.png
[2026-03-30 21:22:26] File Deleted FROM USB: E:\labelImg-master\resources\icons\resetall.png
[2026-03-30 21:22:26] File Deleted FROM USB: E:\labelImg-master\resources\icons\save-as.png
[2026-03-30 21:22:26] File Deleted FROM USB: E:\labelImg-master\resources\icons\save-as.svg
[2026-03-30 21:22:26] File Deleted FROM USB: E:\labelImg-master\resources\icons\save.png
[2026-03-30 21:22:26] File Deleted FROM USB: E:\labelImg-master\resources\icons\save.svg
[2026-03-30 21:22:26] File Deleted FROM USB: E:\labelImg-master\resources\icons\undo-cross.png
[2026-03-30 21:22:26] File Deleted FROM USB: E:\labelImg-master\resources\icons\undo.png
[2026-03-30 21:22:26] File Deleted FROM USB: E:\labelImg-master\resources\icons\verify.png
[2026-03-30 21:22:26] File Deleted FROM USB: E:\labelImg-master\resources\icons\zoom-in.png
[2026-03-30 21:22:26] File Deleted FROM USB: E:\labelImg-master\resources\icons\zoom-out.png
[2026-03-30 21:22:26] File Deleted FROM USB: E:\labelImg-master\resources\icons\zoom.png
[2026-03-30 21:22:26] File Deleted FROM USB: E:\labelImg-master\resources\strings\strings-ja-JP.properties
[2026-03-30 21:22:26] File Deleted FROM USB: E:\labelImg-master\resources\strings\strings-zh-CN.properties
[2026-03-30 21:22:26] File Deleted FROM USB: E:\labelImg-master\resources\strings\strings-zh-TW.properties
[2026-03-30 21:22:26] File Deleted FROM USB: E:\labelImg-master\resources\strings\strings.properties
[2026-03-30 21:22:26] File Deleted FROM USB: E:\labelImg-master\tests\.gitignore
[2026-03-30 21:22:26] File Deleted FROM USB: E:\labelImg-master\tests\test.512.512.bmp
[2026-03-30 21:22:26] File Deleted FROM USB: E:\labelImg-master\tests\test_io.py
[2026-03-30 21:22:26] File Deleted FROM USB: E:\labelImg-master\tests\test_qt.py
[2026-03-30 21:22:26] File Deleted FROM USB: E:\labelImg-master\tests\test_settings.py
[2026-03-30 21:22:26] File Deleted FROM USB: E:\labelImg-master\tests\test_stringBundle.py
[2026-03-30 21:22:26] File Deleted FROM USB: E:\labelImg-master\tests\test_utils.py
[2026-03-30 21:29:51] File Deleted FROM USB: E:\download.log
